2019-06-07 21:50:03,431 0     INFO  [grails.plugin.hibernate3.HibernatePluginSupport] (localhost-startStop-1:) Using dataSource bean definition from /WEB-INF/spring/resources.groovy
2019-06-07 21:50:03,434 3     INFO  [grails.plugin.hibernate3.HibernatePluginSupport] (localhost-startStop-1:) Set db generation strategy to '' for datasource DEFAULT
2019-06-07 21:50:04,131 700   INFO  [grails.plugin.remoting.RemotingPluginHelper] (localhost-startStop-1:) Unrecognised invoker protocol: cxfjax - ignoring for this service ('MigrationService').
2019-06-07 21:50:05,737 2306  INFO  [com.mchange.v2.log.MLog] (localhost-startStop-1:) MLog clients using log4j logging.
2019-06-07 21:50:05,810 2379  INFO  [com.mchange.v2.c3p0.C3P0Registry] (localhost-startStop-1:) Initializing c3p0-0.9.1.1 [built 15-March-2007 01:32:31; debug? true; trace: 10]
2019-06-07 21:50:05,974 2543  INFO  [com.mchange.v2.c3p0.impl.AbstractPoolBackedDataSource] (localhost-startStop-1:) Initializing c3p0 pool... com.mchange.v2.c3p0.ComboPooledDataSource [ acquireIncrement -> 2, acquireRetryAttempts -> 30, acquireRetryDelay -> 1000, autoCommitOnClose -> false, automaticTestTable -> null, breakAfterAcquireFailure -> false, checkoutTimeout -> 10000, connectionCustomizerClassName -> null, connectionTesterClassName -> com.mchange.v2.c3p0.impl.DefaultConnectionTester, dataSourceName -> z8kfsxa3e61kgo5adyb2|68982a68, debugUnreturnedConnectionStackTraces -> false, description -> null, driverClass -> org.postgresql.Driver, factoryClassLocation -> null, forceIgnoreUnresolvedTransactions -> false, identityToken -> z8kfsxa3e61kgo5adyb2|68982a68, idleConnectionTestPeriod -> 30, initialPoolSize -> 10, jdbcUrl -> jdbc:postgresql://localhost:5432/ngbillingbase, lastAcquisitionFailureDefaultUser -> null, maxAdministrativeTaskTime -> 0, maxConnectionAge -> 0, maxIdleTime -> 300, maxIdleTimeExcessConnections -> 0, maxPoolSize -> 50, maxStatements -> 0, maxStatementsPerConnection -> 0, minPoolSize -> 10, numHelperThreads -> 3, numThreadsAwaitingCheckoutDefaultUser -> 0, preferredTestQuery -> /* ping */ SELECT 1, properties -> {user=******, password=******}, propertyCycle -> 0, testConnectionOnCheckin -> false, testConnectionOnCheckout -> false, unreturnedConnectionTimeout -> 0, usesTraditionalReflectiveProxies -> false ]
2019-06-07 21:50:09,992 6561  DEBUG [com.sapienter.jbilling.common.SystemProperties] (localhost-startStop-1:) System properties loaded from: /home/rakesh/Documents/MyCommercialProducts/jbilling4/Binary/ngbilling/ngbilling/ngbilling.properties
2019-06-07 21:50:09,993 6562  DEBUG [com.sapienter.jbilling.common.SystemProperties] (localhost-startStop-1:) Resolved jbilling resources directory to: /home/rakesh/Documents/MyCommercialProducts/jbilling4/Binary/ngbilling/ngbilling/resources/
2019-06-07 21:50:18,781 15350 INFO  [org.apache.activemq.broker.jmx.ManagementContext] (JMX connector:) JMX consoles can connect to service:jmx:rmi:///jndi/rmi://localhost:1099/jmxrmi
2019-06-07 21:50:18,886 15455 INFO  [org.apache.activemq.broker.BrokerService] (localhost-startStop-1:) Successfully deleted temporary storage
2019-06-07 21:50:18,905 15474 INFO  [org.apache.activemq.broker.BrokerService] (localhost-startStop-1:) Using Persistence Adapter: AMQPersistenceAdapter(activemq-data/localhost)
2019-06-07 21:50:18,907 15476 INFO  [org.apache.activemq.store.amq.AMQPersistenceAdapter] (localhost-startStop-1:) AMQStore starting using directory: activemq-data/localhost
2019-06-07 21:50:18,946 15515 INFO  [org.apache.activemq.kaha.impl.KahaStore] (localhost-startStop-1:) Kaha Store using data directory activemq-data/localhost/kr-store/state
2019-06-07 21:50:19,005 15574 INFO  [org.apache.activemq.store.amq.AMQPersistenceAdapter] (localhost-startStop-1:) Active data files: []
2019-06-07 21:50:19,136 15705 INFO  [org.apache.activemq.broker.BrokerService] (localhost-startStop-1:) ActiveMQ 5.3.2 JMS Message Broker (localhost) is starting
2019-06-07 21:50:19,136 15705 INFO  [org.apache.activemq.broker.BrokerService] (localhost-startStop-1:) For help or more information please see: http://activemq.apache.org/
2019-06-07 21:50:19,408 15977 INFO  [org.apache.activemq.kaha.impl.KahaStore] (localhost-startStop-1:) Kaha Store using data directory activemq-data/localhost/kr-store/data
2019-06-07 21:50:19,582 16151 INFO  [org.apache.activemq.transport.TransportServerThreadSupport] (localhost-startStop-1:) Listening for connections at: tcp://localhost:61616
2019-06-07 21:50:19,583 16152 INFO  [org.apache.activemq.broker.TransportConnector] (localhost-startStop-1:) Connector tcp://localhost:61616 Started
2019-06-07 21:50:19,593 16162 INFO  [org.apache.activemq.broker.TransportConnector] (localhost-startStop-1:) Connector vm://localhost Started
2019-06-07 21:50:19,596 16165 INFO  [org.apache.activemq.broker.BrokerService] (localhost-startStop-1:) ActiveMQ JMS Message Broker (localhost, ID:rakesh-ThinkPad-P50-33153-1559929819202-0:0) started
2019-06-07 21:50:20,316 16885 INFO  [org.grails.plugin.resource.ResourceProcessor] (localhost-startStop-1:) Performing a full reload
2019-06-07 21:50:20,658 17227 INFO  [org.grails.plugin.resource.ResourceProcessor] (localhost-startStop-1:) Loading resource declarations...
2019-06-07 21:50:20,658 17227 INFO  [org.grails.plugin.resource.ResourceProcessor] (localhost-startStop-1:) Forgetting all known modules...
2019-06-07 21:50:20,659 17228 INFO  [org.grails.plugin.resource.ResourceProcessor] (localhost-startStop-1:) Forgetting all known resources...
2019-06-07 21:50:21,408 17977 DEBUG [grails.app.resourceMappers.org.grails.plugin.resource.CSSPreprocessorResourceMapper] (localhost-startStop-1:) CSS Preprocessor munging ResourceMeta for URI /jquery-ui/themes/jbilling/jquery-ui-1.10.4.custom.css served by /jquery-ui/themes/jbilling/jquery-ui-1.10.4.custom.css (delegate: none)
2019-06-07 21:50:21,618 18187 DEBUG [grails.app.resourceMappers.org.grails.plugin.resource.CSSPreprocessorResourceMapper] (localhost-startStop-1:) CSS Preprocessor munging ResourceMeta for URI /css/all.css served by /css/all.css (delegate: none)
2019-06-07 21:50:21,805 18374 DEBUG [grails.app.resourceMappers.org.grails.plugin.resource.CSSPreprocessorResourceMapper] (localhost-startStop-1:) CSS Preprocessor munging ResourceMeta for URI /css/lt7.css served by /css/lt7.css (delegate: none)
2019-06-07 21:50:21,935 18504 DEBUG [grails.app.resourceMappers.org.grails.plugin.resource.CSSPreprocessorResourceMapper] (localhost-startStop-1:) CSS Preprocessor munging ResourceMeta for URI /css/ict.css served by /css/ict.css (delegate: none)
2019-06-07 21:50:21,948 18517 DEBUG [grails.app.resourceMappers.org.grails.plugin.resource.CSSPreprocessorResourceMapper] (localhost-startStop-1:) CSS Preprocessor munging ResourceMeta for URI /css/alpaca.min.css served by /css/alpaca.min.css (delegate: none)
2019-06-07 21:50:21,952 18521 DEBUG [grails.app.resourceMappers.org.grails.plugin.resource.CSSPreprocessorResourceMapper] (localhost-startStop-1:) CSS Preprocessor munging ResourceMeta for URI /css/alpaca-jqueryui.min.css served by /css/alpaca-jqueryui.min.css (delegate: none)
2019-06-07 21:50:21,954 18523 DEBUG [grails.app.resourceMappers.org.grails.plugin.resource.CSSPreprocessorResourceMapper] (localhost-startStop-1:) CSS Preprocessor munging ResourceMeta for URI /css/evol.colorpicker.css served by /css/evol.colorpicker.css (delegate: none)
2019-06-07 21:50:21,957 18526 DEBUG [grails.app.resourceMappers.org.grails.plugin.resource.CSSPreprocessorResourceMapper] (localhost-startStop-1:) CSS Preprocessor munging ResourceMeta for URI /css/jstree/invoice-template-tree.css served by /css/jstree/invoice-template-tree.css (delegate: none)
2019-06-07 21:50:22,037 18606 DEBUG [grails.app.resourceMappers.org.grails.plugin.resource.CSSPreprocessorResourceMapper] (localhost-startStop-1:) CSS Preprocessor skipping ResourceMeta for URI /bundle-bundle_itg_head.css, /css/ict.css, /css/alpaca.min.css, /css/alpaca-jqueryui.min.css, /css/evol.colorpicker.css, /css/jstree/invoice-template-tree.css served by /bundle-bundle_itg_head.css (delegate: none) because it is aggregated (already processed each file in it)
2019-06-07 21:50:22,069 18638 ERROR [org.grails.plugin.resource.ResourceMeta] (localhost-startStop-1:) While processing /bundle-bundle_itg_head.css, /css/ict.css, /css/alpaca.min.css, /css/alpaca-jqueryui.min.css, /css/evol.colorpicker.css, /css/jstree/invoice-template-tree.css, a resource was required but not found: /css/images/down.png
2019-06-07 21:50:22,074 18643 WARN  [org.grails.plugin.resource.util.ResourceMetaStore] (localhost-startStop-1:) Cannot locate resource [/css/images/down.png]
2019-06-07 21:50:22,074 18643 WARN  [org.grails.plugin.resource.mapper.cssrewriter] (localhost-startStop-1:) Cannot resolve CSS resource, leaving link as is: resource:/css/images/down.png
2019-06-07 21:50:22,086 18655 ERROR [org.grails.plugin.resource.ResourceMeta] (localhost-startStop-1:) While processing /bundle-bundle_itg_head.css, /css/ict.css, /css/alpaca.min.css, /css/alpaca-jqueryui.min.css, /css/evol.colorpicker.css, /css/jstree/invoice-template-tree.css, a resource was required but not found: /css/images/left.png
2019-06-07 21:50:22,087 18656 WARN  [org.grails.plugin.resource.util.ResourceMetaStore] (localhost-startStop-1:) Cannot locate resource [/css/images/left.png]
2019-06-07 21:50:22,087 18656 WARN  [org.grails.plugin.resource.mapper.cssrewriter] (localhost-startStop-1:) Cannot resolve CSS resource, leaving link as is: resource:/css/images/left.png
2019-06-07 21:50:22,122 18691 INFO  [org.grails.plugin.resource.ResourceProcessor] (localhost-startStop-1:) Finished full reload
2019-06-07 21:50:25,098 21667 INFO  [org.codehaus.groovy.grails.web.context.GrailsConfigUtils] (localhost-startStop-1:) [GrailsContextLoader] Grails application loaded.
2019-06-07 21:50:25,255 21824 INFO  [org.quartz.impl.StdSchedulerFactory] (localhost-startStop-1:) Using default implementation for ThreadExecutor
2019-06-07 21:50:25,265 21834 INFO  [org.quartz.simpl.SimpleThreadPool] (localhost-startStop-1:) Job execution threads will use class loader of thread: localhost-startStop-1
2019-06-07 21:50:25,302 21871 INFO  [org.quartz.core.SchedulerSignalerImpl] (localhost-startStop-1:) Initialized Scheduler Signaller of type: class org.quartz.core.SchedulerSignalerImpl
2019-06-07 21:50:25,303 21872 INFO  [org.quartz.core.QuartzScheduler] (localhost-startStop-1:) Quartz Scheduler v.2.2.1 created.
2019-06-07 21:50:25,305 21874 INFO  [org.quartz.simpl.RAMJobStore] (localhost-startStop-1:) RAMJobStore initialized.
2019-06-07 21:50:25,308 21877 INFO  [org.quartz.core.QuartzScheduler] (localhost-startStop-1:) Scheduler meta-data: Quartz Scheduler (v2.2.1) 'DefaultQuartzScheduler' with instanceId 'NON_CLUSTERED'
  Scheduler class: 'org.quartz.core.QuartzScheduler' - running locally.
  NOT STARTED.
  Currently in standby mode.
  Number of jobs executed: 0
  Using thread pool 'org.quartz.simpl.SimpleThreadPool' - with 10 threads.
  Using job-store 'org.quartz.simpl.RAMJobStore' - which does not support persistence. and is not clustered.

2019-06-07 21:50:25,308 21877 INFO  [org.quartz.impl.StdSchedulerFactory] (localhost-startStop-1:) Quartz scheduler 'DefaultQuartzScheduler' initialized from default resource file in Quartz package: 'quartz.properties'
2019-06-07 21:50:25,308 21877 INFO  [org.quartz.impl.StdSchedulerFactory] (localhost-startStop-1:) Quartz scheduler version: 2.2.1
2019-06-07 21:50:25,479 22048 DEBUG [com.sapienter.jbilling.server.pluggableTask.admin.PluggableTaskManager] (localhost-startStop-1:) Entered PluggableTaskManager
2019-06-07 21:50:25,544 22113 DEBUG [com.sapienter.jbilling.server.pluggableTask.admin.PluggableTaskManager] (localhost-startStop-1:) total classes = 2
2019-06-07 21:50:25,544 22113 DEBUG [com.sapienter.jbilling.server.util.SchedulerBootstrapHelper] (localhost-startStop-1:) Processing 2 scheduled tasks for entity 10
2019-06-07 21:50:25,545 22114 DEBUG [com.sapienter.jbilling.server.pluggableTask.admin.PluggableTaskManager] (localhost-startStop-1:) Applying task com.sapienter.jbilling.server.billing.task.BillingProcessTask
2019-06-07 21:50:25,545 22114 DEBUG [com.sapienter.jbilling.server.pluggableTask.admin.PluggableTaskManager] (localhost-startStop-1:) Creating a new instance of com.sapienter.jbilling.server.billing.task.BillingProcessTask
2019-06-07 21:50:25,564 22133 DEBUG [com.sapienter.jbilling.server.billing.task.BillingProcessTask] (localhost-startStop-1:) Scheduling billing process from jbilling.properties ...
2019-06-07 21:50:25,565 22134 DEBUG [com.sapienter.jbilling.server.billing.task.BillingProcessTask] (localhost-startStop-1:) Scheduling billing process from jbilling.properties ...
2019-06-07 21:50:25,565 22134 DEBUG [com.sapienter.jbilling.server.util.SchedulerBootstrapHelper] (localhost-startStop-1:) Scheduled: [billing process: , entity id 10, taskId 23]
2019-06-07 21:50:25,565 22134 DEBUG [com.sapienter.jbilling.server.pluggableTask.admin.PluggableTaskManager] (localhost-startStop-1:) Applying task com.sapienter.jbilling.server.process.task.AgeingProcessTask
2019-06-07 21:50:25,565 22134 DEBUG [com.sapienter.jbilling.server.pluggableTask.admin.PluggableTaskManager] (localhost-startStop-1:) Creating a new instance of com.sapienter.jbilling.server.process.task.AgeingProcessTask
2019-06-07 21:50:25,565 22134 DEBUG [com.sapienter.jbilling.server.process.task.AgeingProcessTask] (localhost-startStop-1:) Scheduling ageing process from jbilling.properties ...
2019-06-07 21:50:25,566 22135 DEBUG [com.sapienter.jbilling.server.process.task.AgeingProcessTask] (localhost-startStop-1:) Scheduling ageing process from jbilling.properties ...
2019-06-07 21:50:25,566 22135 DEBUG [com.sapienter.jbilling.server.util.SchedulerBootstrapHelper] (localhost-startStop-1:) Scheduled: [ageing process: , entity id 10, taskId 24]
2019-06-07 21:50:25,569 22138 INFO  [org.quartz.core.QuartzScheduler] (localhost-startStop-1:) Scheduler DefaultQuartzScheduler_$_NON_CLUSTERED started.
2019-06-07 21:50:26,838 23407 INFO  [org.apache.cxf.service.factory.ReflectionServiceFactoryBean] (localhost-startStop-1:) Creating Service {http://jbilling/}MigrationServiceService from class jbilling.MigrationService
2019-06-07 21:50:28,550 25119 INFO  [org.apache.cxf.endpoint.ServerImpl] (localhost-startStop-1:) Setting the server's publish address to be /migration
2019-06-07 21:57:30,133 446702 DEBUG [com.sapienter.jbilling.client.authentication.CompanyUserAuthenticationFilter] (http-nio-8080-exec-6:) Request is to process authentication
2019-06-07 21:57:30,262 446831 DEBUG [com.sapienter.jbilling.server.util.db.JbillingTableDAS] (http-nio-8080-exec-6:) Looking for table + role
2019-06-07 21:57:30,454 447023 DEBUG [com.sapienter.jbilling.server.util.PreferenceBL] (http-nio-8080-exec-6:) Looking for preference 39, for entity 10 and table entity
2019-06-07 21:57:30,482 447051 DEBUG [com.sapienter.jbilling.server.util.PreferenceBL] (http-nio-8080-exec-6:) preferenceValue : |0|
2019-06-07 21:57:30,482 447051 DEBUG [com.sapienter.jbilling.server.util.db.JbillingTableDAS] (http-nio-8080-exec-6:) Looking for table + base_user
2019-06-07 21:57:30,777 447346 DEBUG [com.sapienter.jbilling.client.authentication.CompanyUserAuthenticationFilter] (http-nio-8080-exec-6:) User admin;10 authentication failed!
2019-06-07 21:57:30,778 447347 DEBUG [com.sapienter.jbilling.client.authentication.CompanyUserAuthenticationFilter] (http-nio-8080-exec-6:) Authentication request failed: org.springframework.security.authentication.BadCredentialsException: Bad credentials
2019-06-07 21:57:30,778 447347 DEBUG [com.sapienter.jbilling.client.authentication.CompanyUserAuthenticationFilter] (http-nio-8080-exec-6:) Updated SecurityContextHolder to contain null Authentication
2019-06-07 21:57:30,778 447347 DEBUG [com.sapienter.jbilling.client.authentication.CompanyUserAuthenticationFilter] (http-nio-8080-exec-6:) Delegating to authentication failure handler grails.plugin.springsecurity.web.authentication.AjaxAwareAuthenticationFailureHandler@4d424c0d
2019-06-07 21:57:52,717 469286 DEBUG [com.sapienter.jbilling.client.authentication.CompanyUserAuthenticationFilter] (http-nio-8080-exec-9:) Request is to process authentication
2019-06-07 21:57:52,936 469505 DEBUG [com.sapienter.jbilling.client.authentication.util.SecuritySession] (http-nio-8080-exec-9:) Setting locale for Spring contexts: en_IN
2019-06-07 21:57:52,937 469506 DEBUG [com.sapienter.jbilling.client.authentication.CompanyUserAuthenticationFilter] (http-nio-8080-exec-9:) Authentication success. Updating SecurityContextHolder to contain: org.springframework.security.authentication.UsernamePasswordAuthenticationToken@266885e1: Principal: CompanyUserDetails{id=10, username='admin;10', mainRoleId=2, companyId=10, currencyId=1, languageId=1, enabled=true, accountExpired=false, credentialsExpired=false, accountLocked=false}; Credentials: [PROTECTED]; Authenticated: true; Details: org.springframework.security.web.authentication.WebAuthenticationDetails@166c8: RemoteIpAddress: 0:0:0:0:0:0:0:1; SessionId: 5614134FE45792A8F5CD55BAE053756D; Granted Authorities: ROLE_SUPER_USER
2019-06-07 21:57:53,890 470459 DEBUG [com.sapienter.jbilling.server.util.PreferenceBL] (http-nio-8080-exec-1:) Looking for preference 63, for entity 10 and table entity
2019-06-07 21:57:53,891 470460 DEBUG [com.sapienter.jbilling.server.util.PreferenceBL] (http-nio-8080-exec-1:) Preferences Cache hit for preferenceCache entity:10
2019-06-07 21:57:53,891 470460 DEBUG [com.sapienter.jbilling.server.util.PreferenceBL] (http-nio-8080-exec-1:) preferenceValue : |0|
2019-06-07 21:57:54,169 470738 DEBUG [com.sapienter.jbilling.server.util.PreferenceBL] (http-nio-8080-exec-1:) Looking for preference 63, for entity 10 and table entity
2019-06-07 21:57:54,169 470738 DEBUG [com.sapienter.jbilling.server.util.PreferenceBL] (http-nio-8080-exec-1:) Preferences Cache hit for preferenceCache entity:10
2019-06-07 21:57:54,169 470738 DEBUG [com.sapienter.jbilling.server.util.PreferenceBL] (http-nio-8080-exec-1:) preferenceValue : |0|
2019-06-07 21:57:54,231 470800 DEBUG [com.sapienter.jbilling.server.util.PreferenceBL] (http-nio-8080-exec-1:) Looking for preference 63, for entity 10 and table entity
2019-06-07 21:57:54,231 470800 DEBUG [com.sapienter.jbilling.server.util.PreferenceBL] (http-nio-8080-exec-1:) Preferences Cache hit for preferenceCache entity:10
2019-06-07 21:57:54,231 470800 DEBUG [com.sapienter.jbilling.server.util.PreferenceBL] (http-nio-8080-exec-1:) preferenceValue : |0|
2019-06-07 21:57:54,240 470809 DEBUG [com.sapienter.jbilling.server.util.PreferenceBL] (http-nio-8080-exec-1:) Looking for preference 63, for entity 10 and table entity
2019-06-07 21:57:54,241 470810 DEBUG [com.sapienter.jbilling.server.util.PreferenceBL] (http-nio-8080-exec-1:) Preferences Cache hit for preferenceCache entity:10
2019-06-07 21:57:54,241 470810 DEBUG [com.sapienter.jbilling.server.util.PreferenceBL] (http-nio-8080-exec-1:) preferenceValue : |0|
2019-06-07 21:57:55,525 472094 DEBUG [com.sapienter.jbilling.server.util.db.JbillingTableDAS] (http-nio-8080-exec-1:) Looking for table + user_status
2019-06-07 21:58:15,655 492224 DEBUG [grails.app.services.jbilling.BreadcrumbService] (http-nio-8080-exec-7:) Deleted: 5 breadcrumbs for user id: 10
2019-06-07 21:58:15,732 492301 DEBUG [com.sapienter.jbilling.server.util.PreferenceBL] (http-nio-8080-exec-7:) Looking for preference 63, for entity 10 and table entity
2019-06-07 21:58:15,732 492301 DEBUG [com.sapienter.jbilling.server.util.PreferenceBL] (http-nio-8080-exec-7:) Preferences Cache hit for preferenceCache entity:10
2019-06-07 21:58:15,732 492301 DEBUG [com.sapienter.jbilling.server.util.PreferenceBL] (http-nio-8080-exec-7:) preferenceValue : |0|
2019-06-07 21:58:15,784 492353 DEBUG [com.sapienter.jbilling.server.util.PreferenceBL] (http-nio-8080-exec-7:) Looking for preference 63, for entity 10 and table entity
2019-06-07 21:58:15,784 492353 DEBUG [com.sapienter.jbilling.server.util.PreferenceBL] (http-nio-8080-exec-7:) Preferences Cache hit for preferenceCache entity:10
2019-06-07 21:58:15,784 492353 DEBUG [com.sapienter.jbilling.server.util.PreferenceBL] (http-nio-8080-exec-7:) preferenceValue : |0|
2019-06-07 21:58:15,794 492363 DEBUG [com.sapienter.jbilling.server.util.PreferenceBL] (http-nio-8080-exec-7:) Looking for preference 63, for entity 10 and table entity
2019-06-07 21:58:15,795 492364 DEBUG [com.sapienter.jbilling.server.util.PreferenceBL] (http-nio-8080-exec-7:) Preferences Cache hit for preferenceCache entity:10
2019-06-07 21:58:15,795 492364 DEBUG [com.sapienter.jbilling.server.util.PreferenceBL] (http-nio-8080-exec-7:) preferenceValue : |0|
2019-06-07 21:58:15,833 492402 DEBUG [com.sapienter.jbilling.server.util.db.JbillingTableDAS] (http-nio-8080-exec-7:) Looking for table + preference_type
2019-06-07 21:58:16,495 493064 ERROR [com.sapienter.jbilling.common.Util] (http-nio-8080-exec-7:) Cannot read property 'process.run_mediation' from /home/rakesh/Documents/MyCommercialProducts/jbilling4/Binary/ngbilling/ngbilling/ngbilling.properties
2019-06-07 21:58:20,945 497514 DEBUG [com.sapienter.jbilling.server.util.PreferenceBL] (http-nio-8080-exec-2:) Looking for preference 63, for entity 10 and table entity
2019-06-07 21:58:20,946 497515 DEBUG [com.sapienter.jbilling.server.util.PreferenceBL] (http-nio-8080-exec-2:) Preferences Cache hit for preferenceCache entity:10
2019-06-07 21:58:20,946 497515 DEBUG [com.sapienter.jbilling.server.util.PreferenceBL] (http-nio-8080-exec-2:) preferenceValue : |0|
2019-06-07 21:58:21,107 497676 DEBUG [com.sapienter.jbilling.server.util.PreferenceBL] (http-nio-8080-exec-2:) Looking for preference 63, for entity 10 and table entity
2019-06-07 21:58:21,107 497676 DEBUG [com.sapienter.jbilling.server.util.PreferenceBL] (http-nio-8080-exec-2:) Preferences Cache hit for preferenceCache entity:10
2019-06-07 21:58:21,107 497676 DEBUG [com.sapienter.jbilling.server.util.PreferenceBL] (http-nio-8080-exec-2:) preferenceValue : |0|
2019-06-07 21:58:21,158 497727 DEBUG [com.sapienter.jbilling.server.util.PreferenceBL] (http-nio-8080-exec-2:) Looking for preference 63, for entity 10 and table entity
2019-06-07 21:58:21,158 497727 DEBUG [com.sapienter.jbilling.server.util.PreferenceBL] (http-nio-8080-exec-2:) Preferences Cache hit for preferenceCache entity:10
2019-06-07 21:58:21,158 497727 DEBUG [com.sapienter.jbilling.server.util.PreferenceBL] (http-nio-8080-exec-2:) preferenceValue : |0|
2019-06-07 21:58:21,168 497737 DEBUG [com.sapienter.jbilling.server.util.PreferenceBL] (http-nio-8080-exec-2:) Looking for preference 63, for entity 10 and table entity
2019-06-07 21:58:21,168 497737 DEBUG [com.sapienter.jbilling.server.util.PreferenceBL] (http-nio-8080-exec-2:) Preferences Cache hit for preferenceCache entity:10
2019-06-07 21:58:21,168 497737 DEBUG [com.sapienter.jbilling.server.util.PreferenceBL] (http-nio-8080-exec-2:) preferenceValue : |0|
2019-06-07 21:58:21,339 497908 ERROR [com.sapienter.jbilling.common.Util] (http-nio-8080-exec-2:) Cannot read property 'process.run_mediation' from /home/rakesh/Documents/MyCommercialProducts/jbilling4/Binary/ngbilling/ngbilling/ngbilling.properties
2019-06-07 21:58:22,874 499443 DEBUG [com.sapienter.jbilling.server.util.PreferenceBL] (http-nio-8080-exec-7:) Looking for preference 39, for entity 10 and table entity
2019-06-07 21:58:22,874 499443 DEBUG [com.sapienter.jbilling.server.util.PreferenceBL] (http-nio-8080-exec-7:) Preferences Cache hit for preferenceCache entity:10
2019-06-07 21:58:22,874 499443 DEBUG [com.sapienter.jbilling.server.util.PreferenceBL] (http-nio-8080-exec-7:) preferenceValue : |0|
2019-06-07 21:58:24,981 501550 DEBUG [com.sapienter.jbilling.server.util.api.APILogger] (http-nio-8080-exec-10:) Call to getUserWS parameters: [10]
2019-06-07 21:58:25,107 501676 DEBUG [com.sapienter.jbilling.server.util.db.JbillingTableDAS] (http-nio-8080-exec-10:) Looking for table + subscriber_status
2019-06-07 21:58:25,179 501748 DEBUG [com.sapienter.jbilling.server.util.db.JbillingTableDAS] (http-nio-8080-exec-10:) Looking for table + currency
2019-06-07 21:58:25,197 501766 DEBUG [com.sapienter.jbilling.server.util.PreferenceBL] (http-nio-8080-exec-10:) Looking for preference 43, for entity 10 and table entity
2019-06-07 21:58:25,197 501766 DEBUG [com.sapienter.jbilling.server.util.PreferenceBL] (http-nio-8080-exec-10:) Preferences Cache hit for preferenceCache entity:10
2019-06-07 21:58:25,198 501767 DEBUG [com.sapienter.jbilling.server.util.PreferenceBL] (http-nio-8080-exec-10:) preferenceValue : |0|
2019-06-07 21:58:25,208 501777 DEBUG [com.sapienter.jbilling.server.invoice.db.InvoiceDAS] (http-nio-8080-exec-10:) Total Amount Owed for User 10 is 0
2019-06-07 21:58:25,213 501782 DEBUG [com.sapienter.jbilling.server.util.PreferenceBL] (http-nio-8080-exec-10:) Looking for preference 70, for entity 10 and table entity
2019-06-07 21:58:25,220 501789 DEBUG [com.sapienter.jbilling.server.user.UserBL] (http-nio-8080-exec-10:) Exception while reading preference
2019-06-07 21:58:25,234 501803 DEBUG [com.sapienter.jbilling.server.util.api.APIStopWatchAspect] (http-nio-8080-exec-10:) WebServicesSessionSpringBean.getUserWS took: 235 ms.
2019-06-07 21:58:25,235 501804 DEBUG [com.sapienter.jbilling.server.util.api.APILogger] (http-nio-8080-exec-10:) Done call to getUserWS returning: , autoRecharge=null, automaticPaymentType=null, blacklistMatches=null, childIds=null, companyName=ngecom, contact=ContactWS{id=101, title='null', lastName='Sahadevan', firstName='Rakesh', initial='null', organization='ngecom', address1='KOCHUPARAMBIL HOUSE', address2='ERUVA P.O  ERUVA EAST', city='KAYAMKULAM .  ALLAPPUZHA Dist', stateProvince='KERALA', postalCode='69056', countryCode='IN', phone='97150508380660', fax='', email='priyaviraj83@gmail.com', include='true'}, createDatetime=2016-11-13 21:49:47.301, creditLimit=null, currencyId=1, customerId=null, deleted=0, dueDateUnitId=null, dueDateValue=null, dynamicBalance=null, excludeAgeing=null, failedAttempts=0, id=10, invoiceChild=null, invoiceDeliveryMethodId=null, isParent=null, language=English, languageId=1, lastLoginDate=2019-06-07 21:57:52.868, lastStatusChange=null, mainRoleId=2, nextInvoiceDate=null, notes=null, owingBalance=0E-10, parentId=null, partnerId=null, role=Super user, status=Active, statusId=1, subscriberStatusId=1, userIdBlacklisted=null, userName=admin, accountTypeId=null, invoiceDesign=null, userCodeLink=null, isAccountLocked=false, accountExpired=false, accountDisabledDate=null]
2019-06-07 21:58:25,236 501805 DEBUG [com.sapienter.jbilling.server.util.api.APILogger] (http-nio-8080-exec-10:) Call to getUserContactsWS parameters: [10]
2019-06-07 21:58:25,240 501809 DEBUG [com.sapienter.jbilling.server.util.api.APIStopWatchAspect] (http-nio-8080-exec-10:) WebServicesSessionSpringBean.getUserContactsWS took: 3 ms.
2019-06-07 21:58:25,240 501809 DEBUG [com.sapienter.jbilling.server.util.api.APILogger] (http-nio-8080-exec-10:) Done call to getUserContactsWS returning: [ContactWS{id=101, title='null', lastName='Sahadevan', firstName='Rakesh', initial='null', organization='ngecom', address1='KOCHUPARAMBIL HOUSE', address2='ERUVA P.O  ERUVA EAST', city='KAYAMKULAM .  ALLAPPUZHA Dist', stateProvince='KERALA', postalCode='69056', countryCode='IN', phone='97150508380660', fax='', email='priyaviraj83@gmail.com', include='true'}]
2019-06-07 21:58:26,176 502745 DEBUG [com.sapienter.jbilling.server.util.db.JbillingTableDAS] (http-nio-8080-exec-10:) Looking for table + country
2019-06-07 21:59:53,968 590537 DEBUG [grails.app.controllers.jbilling.UserController] (http-nio-8080-exec-5:) Save called for user 10
2019-06-07 21:59:53,969 590538 DEBUG [com.sapienter.jbilling.server.util.api.APILogger] (http-nio-8080-exec-5:) Call to getUserWS parameters: [10]
2019-06-07 21:59:53,986 590555 DEBUG [com.sapienter.jbilling.server.util.PreferenceBL] (http-nio-8080-exec-5:) Looking for preference 43, for entity 10 and table entity
2019-06-07 21:59:53,986 590555 DEBUG [com.sapienter.jbilling.server.util.PreferenceBL] (http-nio-8080-exec-5:) Preferences Cache hit for preferenceCache entity:10
2019-06-07 21:59:53,986 590555 DEBUG [com.sapienter.jbilling.server.util.PreferenceBL] (http-nio-8080-exec-5:) preferenceValue : |0|
2019-06-07 21:59:53,988 590557 DEBUG [com.sapienter.jbilling.server.invoice.db.InvoiceDAS] (http-nio-8080-exec-5:) Total Amount Owed for User 10 is 0
2019-06-07 21:59:53,990 590559 DEBUG [com.sapienter.jbilling.server.util.PreferenceBL] (http-nio-8080-exec-5:) Looking for preference 70, for entity 10 and table entity
2019-06-07 21:59:53,992 590561 DEBUG [com.sapienter.jbilling.server.user.UserBL] (http-nio-8080-exec-5:) Exception while reading preference
2019-06-07 21:59:53,998 590567 DEBUG [com.sapienter.jbilling.server.util.api.APIStopWatchAspect] (http-nio-8080-exec-5:) WebServicesSessionSpringBean.getUserWS took: 28 ms.
2019-06-07 21:59:53,998 590567 DEBUG [com.sapienter.jbilling.server.util.api.APILogger] (http-nio-8080-exec-5:) Done call to getUserWS returning: , autoRecharge=null, automaticPaymentType=null, blacklistMatches=null, childIds=null, companyName=ngecom, contact=ContactWS{id=101, title='null', lastName='Sahadevan', firstName='Rakesh', initial='null', organization='ngecom', address1='KOCHUPARAMBIL HOUSE', address2='ERUVA P.O  ERUVA EAST', city='KAYAMKULAM .  ALLAPPUZHA Dist', stateProvince='KERALA', postalCode='69056', countryCode='IN', phone='97150508380660', fax='', email='priyaviraj83@gmail.com', include='true'}, createDatetime=2016-11-13 21:49:47.301, creditLimit=null, currencyId=1, customerId=null, deleted=0, dueDateUnitId=null, dueDateValue=null, dynamicBalance=null, excludeAgeing=null, failedAttempts=0, id=10, invoiceChild=null, invoiceDeliveryMethodId=null, isParent=null, language=English, languageId=1, lastLoginDate=2019-06-07 21:57:52.868, lastStatusChange=null, mainRoleId=2, nextInvoiceDate=null, notes=null, owingBalance=0E-10, parentId=null, partnerId=null, role=Super user, status=Active, statusId=1, subscriberStatusId=1, userIdBlacklisted=null, userName=admin, accountTypeId=null, invoiceDesign=null, userCodeLink=null, isAccountLocked=false, accountExpired=false, accountDisabledDate=null]
2019-06-07 21:59:54,174 590743 DEBUG [grails.app.controllers.jbilling.UserController] (http-nio-8080-exec-5:) saving changes to user 10
2019-06-07 21:59:54,175 590744 DEBUG [com.sapienter.jbilling.server.util.api.APILogger] (http-nio-8080-exec-5:) Call to updateUser parameters: [, autoRecharge=null, automaticPaymentType=null, blacklistMatches=null, childIds=null, companyName=null, contact=ContactWS{id=101, title='null', lastName='Sahadevan', firstName='Rakesh', initial='null', organization='ngecom', address1='Amaritharayil', address2='S.R.P.M P.O', city='Karunagappally,Kollam', stateProvince='KERALA', postalCode='69039', countryCode='IN', phone='971503998788', fax='', email='rksahadevan@gmail.com', include='true'}, createDatetime=null, creditLimit=null, currencyId=null, customerId=null, deleted=0, dueDateUnitId=null, dueDateValue=null, dynamicBalance=null, excludeAgeing=null, failedAttempts=0, id=10, invoiceChild=null, invoiceDeliveryMethodId=null, isParent=null, language=null, languageId=1, lastLoginDate=null, lastStatusChange=null, mainRoleId=2, nextInvoiceDate=null, notes=null, owingBalance=null, parentId=null, partnerId=null, role=Super user, status=null, statusId=1, subscriberStatusId=null, userIdBlacklisted=null, userName=admin, accountTypeId=null, invoiceDesign=null, userCodeLink=null, isAccountLocked=false, accountExpired=false, accountDisabledDate=null]]
2019-06-07 21:59:54,575 591144 DEBUG [com.sapienter.jbilling.server.user.UserBL] (http-nio-8080-exec-5:) Updating User
2019-06-07 21:59:54,878 591447 DEBUG [com.sapienter.jbilling.server.util.PreferenceBL] (http-nio-8080-exec-5:) Looking for preference 70, for entity 10 and table entity
2019-06-07 21:59:54,882 591451 DEBUG [com.sapienter.jbilling.server.user.UserBL] (http-nio-8080-exec-5:) Exception while reading preference
2019-06-07 21:59:54,885 591454 DEBUG [com.sapienter.jbilling.server.user.UserBL] (http-nio-8080-exec-5:) Account Expired set for user 10 to expired = false
2019-06-07 21:59:54,897 591466 DEBUG [com.sapienter.jbilling.server.util.PreferenceBL] (http-nio-8080-exec-5:) Looking for preference 43, for entity 10 and table entity
2019-06-07 21:59:54,898 591467 DEBUG [com.sapienter.jbilling.server.util.PreferenceBL] (http-nio-8080-exec-5:) Preferences Cache hit for preferenceCache entity:10
2019-06-07 21:59:54,898 591467 DEBUG [com.sapienter.jbilling.server.util.PreferenceBL] (http-nio-8080-exec-5:) preferenceValue : |0|
2019-06-07 21:59:54,918 591487 DEBUG [com.sapienter.jbilling.server.invoice.db.InvoiceDAS] (http-nio-8080-exec-5:) Total Amount Owed for User 10 is 0
2019-06-07 21:59:54,923 591492 DEBUG [com.sapienter.jbilling.server.util.PreferenceBL] (http-nio-8080-exec-5:) Looking for preference 70, for entity 10 and table entity
2019-06-07 21:59:54,927 591496 DEBUG [com.sapienter.jbilling.server.user.UserBL] (http-nio-8080-exec-5:) Exception while reading preference
2019-06-07 21:59:54,947 591516 DEBUG [com.sapienter.jbilling.server.util.PreferenceBL] (http-nio-8080-exec-5:) Looking for preference 43, for entity 10 and table entity
2019-06-07 21:59:54,947 591516 DEBUG [com.sapienter.jbilling.server.util.PreferenceBL] (http-nio-8080-exec-5:) Preferences Cache hit for preferenceCache entity:10
2019-06-07 21:59:54,947 591516 DEBUG [com.sapienter.jbilling.server.util.PreferenceBL] (http-nio-8080-exec-5:) preferenceValue : |0|
2019-06-07 21:59:54,950 591519 DEBUG [com.sapienter.jbilling.server.invoice.db.InvoiceDAS] (http-nio-8080-exec-5:) Total Amount Owed for User 10 is 0
2019-06-07 21:59:54,956 591525 DEBUG [com.sapienter.jbilling.server.util.PreferenceBL] (http-nio-8080-exec-5:) Looking for preference 70, for entity 10 and table entity
2019-06-07 21:59:54,959 591528 DEBUG [com.sapienter.jbilling.server.user.UserBL] (http-nio-8080-exec-5:) Exception while reading preference
2019-06-07 21:59:54,980 591549 DEBUG [com.sapienter.jbilling.server.util.PreferenceBL] (http-nio-8080-exec-5:) Looking for preference 53, for entity 10 and table entity
2019-06-07 21:59:54,981 591550 DEBUG [com.sapienter.jbilling.server.util.PreferenceBL] (http-nio-8080-exec-5:) Preferences Cache hit for preferenceCache entity:10
2019-06-07 21:59:54,981 591550 DEBUG [com.sapienter.jbilling.server.util.PreferenceBL] (http-nio-8080-exec-5:) preferenceValue : |0|
2019-06-07 21:59:55,002 591571 DEBUG [com.sapienter.jbilling.server.system.event.EventManager] (http-nio-8080-exec-5:) processing event com.sapienter.jbilling.server.user.event.NewContactEvent@1004f669
2019-06-07 21:59:55,004 591573 DEBUG [com.sapienter.jbilling.server.system.event.InternalEventProcessor] (http-nio-8080-exec-5:) In InternalEventProcessor::process()
2019-06-07 21:59:55,005 591574 DEBUG [com.sapienter.jbilling.server.pluggableTask.admin.PluggableTaskManager] (http-nio-8080-exec-5:) Entered PluggableTaskManager
2019-06-07 21:59:55,018 591587 DEBUG [com.sapienter.jbilling.server.pluggableTask.admin.PluggableTaskManager] (http-nio-8080-exec-5:) total classes = 4
2019-06-07 21:59:55,022 591591 DEBUG [com.sapienter.jbilling.server.pluggableTask.admin.PluggableTaskManager] (http-nio-8080-exec-5:) Creating a new instance of com.sapienter.jbilling.server.user.balance.DynamicBalanceManagerTask
2019-06-07 21:59:55,041 591610 DEBUG [com.sapienter.jbilling.server.pluggableTask.admin.PluggableTaskManager] (http-nio-8080-exec-5:) Creating a new instance of com.sapienter.jbilling.server.order.task.CreateOrderForResellerTask
2019-06-07 21:59:55,046 591615 DEBUG [com.sapienter.jbilling.server.pluggableTask.admin.PluggableTaskManager] (http-nio-8080-exec-5:) Creating a new instance of com.sapienter.jbilling.server.invoice.task.DeleteResellerOrderTask
2019-06-07 21:59:55,051 591620 DEBUG [com.sapienter.jbilling.server.pluggableTask.admin.PluggableTaskManager] (http-nio-8080-exec-5:) Creating a new instance of com.sapienter.jbilling.server.order.task.OrderChangeApplyOrderStatusTask
2019-06-07 21:59:55,055 591624 INFO  [com.sapienter.jbilling.server.system.event.EventManager] (http-nio-8080-exec-5:) No processors for class class com.sapienter.jbilling.server.user.event.NewContactEvent
2019-06-07 21:59:55,055 591624 DEBUG [com.sapienter.jbilling.server.util.db.JbillingTableDAS] (http-nio-8080-exec-5:) Looking for table + contact
2019-06-07 21:59:55,089 591658 DEBUG [com.sapienter.jbilling.server.util.api.APIStopWatchAspect] (http-nio-8080-exec-5:) WebServicesSessionSpringBean.updateUser took: 913 ms.
2019-06-07 21:59:55,089 591658 DEBUG [com.sapienter.jbilling.server.util.api.APILogger] (http-nio-8080-exec-5:) Done call to updateUser returning: null
2019-06-07 21:59:55,103 591672 DEBUG [com.sapienter.jbilling.server.util.api.APILogger] (http-nio-8080-exec-5:) Call to updateUserContact parameters: [10, ContactWS{id=101, title='null', lastName='Sahadevan', firstName='Rakesh', initial='null', organization='ngecom', address1='Amaritharayil', address2='S.R.P.M P.O', city='Karunagappally,Kollam', stateProvince='KERALA', postalCode='69039', countryCode='IN', phone='971503998788', fax='', email='rksahadevan@gmail.com', include='true'}]
2019-06-07 21:59:55,108 591677 DEBUG [com.sapienter.jbilling.server.util.PreferenceBL] (http-nio-8080-exec-5:) Looking for preference 53, for entity 10 and table entity
2019-06-07 21:59:55,108 591677 DEBUG [com.sapienter.jbilling.server.util.PreferenceBL] (http-nio-8080-exec-5:) Preferences Cache hit for preferenceCache entity:10
2019-06-07 21:59:55,108 591677 DEBUG [com.sapienter.jbilling.server.util.PreferenceBL] (http-nio-8080-exec-5:) preferenceValue : |0|
2019-06-07 21:59:55,111 591680 DEBUG [com.sapienter.jbilling.server.system.event.EventManager] (http-nio-8080-exec-5:) processing event com.sapienter.jbilling.server.user.event.NewContactEvent@279d6e6d
2019-06-07 21:59:55,112 591681 DEBUG [com.sapienter.jbilling.server.system.event.InternalEventProcessor] (http-nio-8080-exec-5:) In InternalEventProcessor::process()
2019-06-07 21:59:55,112 591681 DEBUG [com.sapienter.jbilling.server.pluggableTask.admin.PluggableTaskManager] (http-nio-8080-exec-5:) Entered PluggableTaskManager
2019-06-07 21:59:55,112 591681 DEBUG [com.sapienter.jbilling.server.pluggableTask.admin.PluggableTaskManager] (http-nio-8080-exec-5:) total classes = 4
2019-06-07 21:59:55,112 591681 DEBUG [com.sapienter.jbilling.server.pluggableTask.admin.PluggableTaskManager] (http-nio-8080-exec-5:) Creating a new instance of com.sapienter.jbilling.server.user.balance.DynamicBalanceManagerTask
2019-06-07 21:59:55,112 591681 DEBUG [com.sapienter.jbilling.server.pluggableTask.admin.PluggableTaskManager] (http-nio-8080-exec-5:) Creating a new instance of com.sapienter.jbilling.server.order.task.CreateOrderForResellerTask
2019-06-07 21:59:55,112 591681 DEBUG [com.sapienter.jbilling.server.pluggableTask.admin.PluggableTaskManager] (http-nio-8080-exec-5:) Creating a new instance of com.sapienter.jbilling.server.invoice.task.DeleteResellerOrderTask
2019-06-07 21:59:55,112 591681 DEBUG [com.sapienter.jbilling.server.pluggableTask.admin.PluggableTaskManager] (http-nio-8080-exec-5:) Creating a new instance of com.sapienter.jbilling.server.order.task.OrderChangeApplyOrderStatusTask
2019-06-07 21:59:55,112 591681 INFO  [com.sapienter.jbilling.server.system.event.EventManager] (http-nio-8080-exec-5:) No processors for class class com.sapienter.jbilling.server.user.event.NewContactEvent
2019-06-07 21:59:55,122 591691 DEBUG [com.sapienter.jbilling.server.util.api.APIStopWatchAspect] (http-nio-8080-exec-5:) WebServicesSessionSpringBean.updateUserContact took: 18 ms.
2019-06-07 21:59:55,122 591691 DEBUG [com.sapienter.jbilling.server.util.api.APILogger] (http-nio-8080-exec-5:) Done call to updateUserContact returning: null
2019-06-07 21:59:55,214 591783 DEBUG [com.sapienter.jbilling.server.util.api.APILogger] (http-nio-8080-exec-6:) Call to getUserWS parameters: [10]
2019-06-07 21:59:55,226 591795 DEBUG [com.sapienter.jbilling.server.util.PreferenceBL] (http-nio-8080-exec-6:) Looking for preference 43, for entity 10 and table entity
2019-06-07 21:59:55,226 591795 DEBUG [com.sapienter.jbilling.server.util.PreferenceBL] (http-nio-8080-exec-6:) Preferences Cache hit for preferenceCache entity:10
2019-06-07 21:59:55,226 591795 DEBUG [com.sapienter.jbilling.server.util.PreferenceBL] (http-nio-8080-exec-6:) preferenceValue : |0|
2019-06-07 21:59:55,228 591797 DEBUG [com.sapienter.jbilling.server.invoice.db.InvoiceDAS] (http-nio-8080-exec-6:) Total Amount Owed for User 10 is 0
2019-06-07 21:59:55,230 591799 DEBUG [com.sapienter.jbilling.server.util.PreferenceBL] (http-nio-8080-exec-6:) Looking for preference 70, for entity 10 and table entity
2019-06-07 21:59:55,231 591800 DEBUG [com.sapienter.jbilling.server.user.UserBL] (http-nio-8080-exec-6:) Exception while reading preference
2019-06-07 21:59:55,236 591805 DEBUG [com.sapienter.jbilling.server.util.api.APIStopWatchAspect] (http-nio-8080-exec-6:) WebServicesSessionSpringBean.getUserWS took: 21 ms.
2019-06-07 21:59:55,237 591806 DEBUG [com.sapienter.jbilling.server.util.api.APILogger] (http-nio-8080-exec-6:) Done call to getUserWS returning: , autoRecharge=null, automaticPaymentType=null, blacklistMatches=null, childIds=null, companyName=ngecom, contact=ContactWS{id=101, title='null', lastName='Sahadevan', firstName='Rakesh', initial='null', organization='ngecom', address1='Amaritharayil', address2='S.R.P.M P.O', city='Karunagappally,Kollam', stateProvince='KERALA', postalCode='69039', countryCode='IN', phone='971503998788', fax='', email='rksahadevan@gmail.com', include='true'}, createDatetime=2016-11-13 21:49:47.301, creditLimit=null, currencyId=1, customerId=null, deleted=0, dueDateUnitId=null, dueDateValue=null, dynamicBalance=null, excludeAgeing=null, failedAttempts=0, id=10, invoiceChild=null, invoiceDeliveryMethodId=null, isParent=null, language=English, languageId=1, lastLoginDate=2019-06-07 21:57:52.868, lastStatusChange=null, mainRoleId=2, nextInvoiceDate=null, notes=null, owingBalance=0E-10, parentId=null, partnerId=null, role=Super user, status=Active, statusId=1, subscriberStatusId=1, userIdBlacklisted=null, userName=admin, accountTypeId=null, invoiceDesign=null, userCodeLink=null, isAccountLocked=false, accountExpired=false, accountDisabledDate=null]
2019-06-07 21:59:55,237 591806 DEBUG [com.sapienter.jbilling.server.util.PreferenceBL] (http-nio-8080-exec-6:) Looking for preference 63, for entity 10 and table entity
2019-06-07 21:59:55,237 591806 DEBUG [com.sapienter.jbilling.server.util.PreferenceBL] (http-nio-8080-exec-6:) Preferences Cache hit for preferenceCache entity:10
2019-06-07 21:59:55,237 591806 DEBUG [com.sapienter.jbilling.server.util.PreferenceBL] (http-nio-8080-exec-6:) preferenceValue : |0|
2019-06-07 21:59:55,243 591812 DEBUG [com.sapienter.jbilling.server.util.PreferenceBL] (http-nio-8080-exec-6:) Looking for preference 63, for entity 10 and table entity
2019-06-07 21:59:55,244 591813 DEBUG [com.sapienter.jbilling.server.util.PreferenceBL] (http-nio-8080-exec-6:) Preferences Cache hit for preferenceCache entity:10
2019-06-07 21:59:55,244 591813 DEBUG [com.sapienter.jbilling.server.util.PreferenceBL] (http-nio-8080-exec-6:) preferenceValue : |0|
2019-06-07 21:59:55,245 591814 DEBUG [com.sapienter.jbilling.server.util.PreferenceBL] (http-nio-8080-exec-6:) Looking for preference 63, for entity 10 and table entity
2019-06-07 21:59:55,245 591814 DEBUG [com.sapienter.jbilling.server.util.PreferenceBL] (http-nio-8080-exec-6:) Preferences Cache hit for preferenceCache entity:10
2019-06-07 21:59:55,245 591814 DEBUG [com.sapienter.jbilling.server.util.PreferenceBL] (http-nio-8080-exec-6:) preferenceValue : |0|
2019-06-07 21:59:55,245 591814 DEBUG [com.sapienter.jbilling.server.util.PreferenceBL] (http-nio-8080-exec-6:) Looking for preference 63, for entity 10 and table entity
2019-06-07 21:59:55,245 591814 DEBUG [com.sapienter.jbilling.server.util.PreferenceBL] (http-nio-8080-exec-6:) Preferences Cache hit for preferenceCache entity:10
2019-06-07 21:59:55,245 591814 DEBUG [com.sapienter.jbilling.server.util.PreferenceBL] (http-nio-8080-exec-6:) preferenceValue : |0|
2019-06-07 21:59:55,323 591892 ERROR [com.sapienter.jbilling.common.Util] (http-nio-8080-exec-6:) Cannot read property 'process.run_mediation' from /home/rakesh/Documents/MyCommercialProducts/jbilling4/Binary/ngbilling/ngbilling/ngbilling.properties
2019-06-07 22:01:10,867 667436 DEBUG [com.sapienter.jbilling.client.authentication.CompanyUserAuthenticationFilter] (http-nio-8080-exec-3:) Request is to process authentication
2019-06-07 22:01:10,884 667453 DEBUG [com.sapienter.jbilling.client.authentication.CompanyUserAuthenticationFilter] (http-nio-8080-exec-3:) User rksahadevan@gmail.com;10 authentication failed!
2019-06-07 22:01:10,884 667453 DEBUG [com.sapienter.jbilling.client.authentication.CompanyUserAuthenticationFilter] (http-nio-8080-exec-3:) Authentication request failed: org.springframework.security.authentication.BadCredentialsException: Bad credentials
2019-06-07 22:01:10,884 667453 DEBUG [com.sapienter.jbilling.client.authentication.CompanyUserAuthenticationFilter] (http-nio-8080-exec-3:) Updated SecurityContextHolder to contain null Authentication
2019-06-07 22:01:10,884 667453 DEBUG [com.sapienter.jbilling.client.authentication.CompanyUserAuthenticationFilter] (http-nio-8080-exec-3:) Delegating to authentication failure handler grails.plugin.springsecurity.web.authentication.AjaxAwareAuthenticationFailureHandler@4d424c0d
2019-06-07 22:01:18,286 674855 DEBUG [com.sapienter.jbilling.client.authentication.CompanyUserAuthenticationFilter] (http-nio-8080-exec-7:) Request is to process authentication
2019-06-07 22:01:18,575 675144 DEBUG [com.sapienter.jbilling.server.util.PreferenceBL] (http-nio-8080-exec-7:) Looking for preference 39, for entity 10 and table entity
2019-06-07 22:01:18,575 675144 DEBUG [com.sapienter.jbilling.server.util.PreferenceBL] (http-nio-8080-exec-7:) Preferences Cache hit for preferenceCache entity:10
2019-06-07 22:01:18,575 675144 DEBUG [com.sapienter.jbilling.server.util.PreferenceBL] (http-nio-8080-exec-7:) preferenceValue : |0|
2019-06-07 22:01:18,656 675225 DEBUG [com.sapienter.jbilling.client.authentication.CompanyUserAuthenticationFilter] (http-nio-8080-exec-7:) User admin;10 authentication failed!
2019-06-07 22:01:18,656 675225 DEBUG [com.sapienter.jbilling.client.authentication.CompanyUserAuthenticationFilter] (http-nio-8080-exec-7:) Authentication request failed: org.springframework.security.authentication.BadCredentialsException: Bad credentials
2019-06-07 22:01:18,656 675225 DEBUG [com.sapienter.jbilling.client.authentication.CompanyUserAuthenticationFilter] (http-nio-8080-exec-7:) Updated SecurityContextHolder to contain null Authentication
2019-06-07 22:01:18,656 675225 DEBUG [com.sapienter.jbilling.client.authentication.CompanyUserAuthenticationFilter] (http-nio-8080-exec-7:) Delegating to authentication failure handler grails.plugin.springsecurity.web.authentication.AjaxAwareAuthenticationFailureHandler@4d424c0d
2019-06-07 22:01:29,374 685943 DEBUG [com.sapienter.jbilling.client.authentication.CompanyUserAuthenticationFilter] (http-nio-8080-exec-10:) Request is to process authentication
2019-06-07 22:01:29,533 686102 DEBUG [com.sapienter.jbilling.client.authentication.util.SecuritySession] (http-nio-8080-exec-10:) Setting locale for Spring contexts: en_IN
2019-06-07 22:01:29,534 686103 DEBUG [com.sapienter.jbilling.client.authentication.CompanyUserAuthenticationFilter] (http-nio-8080-exec-10:) Authentication success. Updating SecurityContextHolder to contain: org.springframework.security.authentication.UsernamePasswordAuthenticationToken@5a4c3913: Principal: CompanyUserDetails{id=10, username='admin;10', mainRoleId=2, companyId=10, currencyId=1, languageId=1, enabled=true, accountExpired=false, credentialsExpired=false, accountLocked=false}; Credentials: [PROTECTED]; Authenticated: true; Details: org.springframework.security.web.authentication.WebAuthenticationDetails@2cd90: RemoteIpAddress: 0:0:0:0:0:0:0:1; SessionId: F0806908B1FDFCFEF5327EEC198AAE3C; Granted Authorities: ROLE_SUPER_USER
2019-06-07 22:01:29,688 686257 ERROR [grails.app.controllers.ErrorsController] (http-nio-8080-exec-10:) Unhandled error occurred in script1559929799097922981895!!!
Cause :org.springframework.orm.hibernate3.HibernateObjectRetrievalFailureException: No row with the given identifier exists: [jbilling.Tab#10]; nested exception is org.hibernate.ObjectNotFoundException: No row with the given identifier exists: [jbilling.Tab#10]
2019-06-07 22:01:29,837 686406 ERROR [org.codehaus.groovy.grails.web.errors.GrailsExceptionResolver] (http-nio-8080-exec-10:) NullPointerException occurred when processing request: [POST] /ngbilling/j_spring_security_check
Cannot get property 'tabConfigurationTabs' on null object. Stacktrace follows:
org.codehaus.groovy.grails.web.pages.exceptions.GroovyPagesException: Error applying layout : main
	at grails.plugin.springsecurity.web.filter.GrailsAnonymousAuthenticationFilter.doFilter(GrailsAnonymousAuthenticationFilter.java:53)
	at grails.plugin.springsecurity.web.authentication.logout.MutableLogoutFilter.doFilter(MutableLogoutFilter.java:82)
	at grails.plugin.springsecurity.web.filter.GrailsAnonymousAuthenticationFilter.doFilter(GrailsAnonymousAuthenticationFilter.java:53)
	at grails.plugin.springsecurity.web.authentication.logout.MutableLogoutFilter.doFilter(MutableLogoutFilter.java:82)
	at java.util.concurrent.ThreadPoolExecutor.runWorker(ThreadPoolExecutor.java:1149)
	at java.util.concurrent.ThreadPoolExecutor$Worker.run(ThreadPoolExecutor.java:624)
	at java.lang.Thread.run(Thread.java:748)
Caused by: org.codehaus.groovy.grails.web.pages.exceptions.GroovyPagesException: Error processing GroovyPageView: Error executing tag <g:render>: Cannot get property 'tabConfigurationTabs' on null object
	... 7 more
Caused by: org.codehaus.groovy.grails.web.taglib.exceptions.GrailsTagException: Error executing tag <g:render>: Cannot get property 'tabConfigurationTabs' on null object
	at gsp_ngbilling_layoutsmain_gsp$_run_closure2.doCall(gsp_ngbilling_layoutsmain_gsp.groovy:28)
	at gsp_ngbilling_layoutsmain_gsp.run(gsp_ngbilling_layoutsmain_gsp.groovy:41)
	... 7 more
Caused by: java.lang.NullPointerException: Cannot get property 'tabConfigurationTabs' on null object
	at gsp_ngbilling_layouts_includes_header_gsp.run(gsp_ngbilling_layouts_includes_header_gsp.groovy:194)
	... 9 more
2019-06-07 22:01:29,838 686407 ERROR [grails.app.controllers.ErrorsController] (http-nio-8080-exec-10:) Unhandled error occurred in gsp_ngbilling_layouts_includes_header_gsp!!!
Cause :org.codehaus.groovy.grails.web.pages.exceptions.GroovyPagesException: Error applying layout : main
2019-06-07 22:01:51,908 708477 INFO  [org.codehaus.groovy.grails.domain.GrailsDomainClassCleaner] (localhost-startStop-2:) Clearing static property staticGormStaticApi in jbilling.RecentItem
2019-06-07 22:01:51,910 708479 INFO  [org.codehaus.groovy.grails.domain.GrailsDomainClassCleaner] (localhost-startStop-2:) Clearing static property instanceGormInstanceApi in jbilling.RecentItem
2019-06-07 22:01:51,910 708479 INFO  [org.codehaus.groovy.grails.domain.GrailsDomainClassCleaner] (localhost-startStop-2:) Clearing static property instanceGormValidationApi in jbilling.RecentItem
2019-06-07 22:01:51,911 708480 INFO  [org.codehaus.groovy.grails.domain.GrailsDomainClassCleaner] (localhost-startStop-2:) Clearing static property staticGormStaticApi in jbilling.FilterSet
2019-06-07 22:01:51,911 708480 INFO  [org.codehaus.groovy.grails.domain.GrailsDomainClassCleaner] (localhost-startStop-2:) Clearing static property instanceGormInstanceApi in jbilling.FilterSet
2019-06-07 22:01:51,911 708480 INFO  [org.codehaus.groovy.grails.domain.GrailsDomainClassCleaner] (localhost-startStop-2:) Clearing static property instanceGormValidationApi in jbilling.FilterSet
2019-06-07 22:01:51,912 708481 INFO  [org.codehaus.groovy.grails.domain.GrailsDomainClassCleaner] (localhost-startStop-2:) Clearing static property staticGormStaticApi in jbilling.Shortcut
2019-06-07 22:01:51,912 708481 INFO  [org.codehaus.groovy.grails.domain.GrailsDomainClassCleaner] (localhost-startStop-2:) Clearing static property instanceGormInstanceApi in jbilling.Shortcut
2019-06-07 22:01:51,912 708481 INFO  [org.codehaus.groovy.grails.domain.GrailsDomainClassCleaner] (localhost-startStop-2:) Clearing static property instanceGormValidationApi in jbilling.Shortcut
2019-06-07 22:01:51,912 708481 INFO  [org.codehaus.groovy.grails.domain.GrailsDomainClassCleaner] (localhost-startStop-2:) Clearing static property staticGormStaticApi in jbilling.Breadcrumb
2019-06-07 22:01:51,914 708483 INFO  [org.codehaus.groovy.grails.domain.GrailsDomainClassCleaner] (localhost-startStop-2:) Clearing static property instanceGormInstanceApi in jbilling.Breadcrumb
2019-06-07 22:01:51,914 708483 INFO  [org.codehaus.groovy.grails.domain.GrailsDomainClassCleaner] (localhost-startStop-2:) Clearing static property instanceGormValidationApi in jbilling.Breadcrumb
2019-06-07 22:01:51,914 708483 INFO  [org.codehaus.groovy.grails.domain.GrailsDomainClassCleaner] (localhost-startStop-2:) Clearing static property staticGormStaticApi in jbilling.TabConfigurationTab
2019-06-07 22:01:51,914 708483 INFO  [org.codehaus.groovy.grails.domain.GrailsDomainClassCleaner] (localhost-startStop-2:) Clearing static property instanceGormInstanceApi in jbilling.TabConfigurationTab
2019-06-07 22:01:51,914 708483 INFO  [org.codehaus.groovy.grails.domain.GrailsDomainClassCleaner] (localhost-startStop-2:) Clearing static property instanceGormValidationApi in jbilling.TabConfigurationTab
2019-06-07 22:01:51,914 708483 INFO  [org.codehaus.groovy.grails.domain.GrailsDomainClassCleaner] (localhost-startStop-2:) Clearing static property staticGormStaticApi in jbilling.TabConfiguration
2019-06-07 22:01:51,915 708484 INFO  [org.codehaus.groovy.grails.domain.GrailsDomainClassCleaner] (localhost-startStop-2:) Clearing static property instanceGormInstanceApi in jbilling.TabConfiguration
2019-06-07 22:01:51,915 708484 INFO  [org.codehaus.groovy.grails.domain.GrailsDomainClassCleaner] (localhost-startStop-2:) Clearing static property instanceGormValidationApi in jbilling.TabConfiguration
2019-06-07 22:01:51,915 708484 INFO  [org.codehaus.groovy.grails.domain.GrailsDomainClassCleaner] (localhost-startStop-2:) Clearing static property staticGormStaticApi in jbilling.Tab
2019-06-07 22:01:51,915 708484 INFO  [org.codehaus.groovy.grails.domain.GrailsDomainClassCleaner] (localhost-startStop-2:) Clearing static property instanceGormInstanceApi in jbilling.Tab
2019-06-07 22:01:51,915 708484 INFO  [org.codehaus.groovy.grails.domain.GrailsDomainClassCleaner] (localhost-startStop-2:) Clearing static property instanceGormValidationApi in jbilling.Tab
2019-06-07 22:01:51,915 708484 INFO  [org.codehaus.groovy.grails.domain.GrailsDomainClassCleaner] (localhost-startStop-2:) Clearing static property instanceGormValidationApi in jbilling.Filter
2019-06-07 22:01:51,915 708484 INFO  [org.codehaus.groovy.grails.domain.GrailsDomainClassCleaner] (localhost-startStop-2:) Clearing static property staticGormStaticApi in jbilling.Filter
2019-06-07 22:01:51,916 708485 INFO  [org.codehaus.groovy.grails.domain.GrailsDomainClassCleaner] (localhost-startStop-2:) Clearing static property instanceGormInstanceApi in jbilling.Filter
2019-06-07 22:01:53,542 710111 INFO  [org.apache.activemq.broker.BrokerService] (localhost-startStop-2:) ActiveMQ Message Broker (localhost, ID:rakesh-ThinkPad-P50-33153-1559929819202-0:0) is shutting down
2019-06-07 22:01:54,291 710860 INFO  [org.apache.activemq.broker.TransportConnector] (localhost-startStop-2:) Connector tcp://localhost:61616 Stopped
2019-06-07 22:01:54,303 710872 INFO  [org.apache.activemq.kaha.impl.KahaStore] (ActiveMQ Task:) Kaha Store using data directory activemq-data/localhost/tmp_storage
2019-06-07 22:01:54,307 710876 INFO  [org.apache.activemq.broker.TransportConnector] (localhost-startStop-2:) Connector vm://localhost Stopped
2019-06-07 22:01:54,449 711018 INFO  [org.apache.activemq.broker.BrokerService] (localhost-startStop-2:) ActiveMQ JMS Message Broker (localhost, ID:rakesh-ThinkPad-P50-33153-1559929819202-0:0) stopped
2019-06-07 22:01:54,626 711195 WARN  [org.codehaus.groovy.grails.lifecycle.ShutdownOperations] (localhost-startStop-2:) Error occurred running shutdown operation: BeanFactory not initialized or already closed - call 'refresh' before accessing beans via the ApplicationContext
java.lang.IllegalStateException: BeanFactory not initialized or already closed - call 'refresh' before accessing beans via the ApplicationContext
	at java.util.concurrent.FutureTask.run(FutureTask.java:266)
	at java.util.concurrent.ThreadPoolExecutor.runWorker(ThreadPoolExecutor.java:1149)
	at java.util.concurrent.ThreadPoolExecutor$Worker.run(ThreadPoolExecutor.java:624)
	at java.lang.Thread.run(Thread.java:748)
2019-06-07 22:01:54,719 711288 WARN  [groovy.sql.Sql] (localhost-startStop-2:) Failed to execute: SHUTDOWN because: connection exception: connection does not exist
2019-06-07 22:01:54,719 711288 INFO  [org.codehaus.groovy.grails.web.context.GrailsContextLoaderListener] (localhost-startStop-2:) Destroying Spring parent WebApplicationContext Root WebApplicationContext
2019-06-07 22:03:35,655 1     INFO  [grails.plugin.hibernate3.HibernatePluginSupport] (localhost-startStop-1:) Using dataSource bean definition from /WEB-INF/spring/resources.groovy
2019-06-07 22:03:35,658 4     INFO  [grails.plugin.hibernate3.HibernatePluginSupport] (localhost-startStop-1:) Set db generation strategy to '' for datasource DEFAULT
2019-06-07 22:03:36,658 1004  INFO  [grails.plugin.remoting.RemotingPluginHelper] (localhost-startStop-1:) Unrecognised invoker protocol: cxfjax - ignoring for this service ('MigrationService').
2019-06-07 22:03:39,297 3643  INFO  [com.mchange.v2.log.MLog] (localhost-startStop-1:) MLog clients using log4j logging.
2019-06-07 22:03:39,385 3731  INFO  [com.mchange.v2.c3p0.C3P0Registry] (localhost-startStop-1:) Initializing c3p0-0.9.1.1 [built 15-March-2007 01:32:31; debug? true; trace: 10]
2019-06-07 22:03:39,580 3926  INFO  [com.mchange.v2.c3p0.impl.AbstractPoolBackedDataSource] (localhost-startStop-1:) Initializing c3p0 pool... com.mchange.v2.c3p0.ComboPooledDataSource [ acquireIncrement -> 2, acquireRetryAttempts -> 30, acquireRetryDelay -> 1000, autoCommitOnClose -> false, automaticTestTable -> null, breakAfterAcquireFailure -> false, checkoutTimeout -> 10000, connectionCustomizerClassName -> null, connectionTesterClassName -> com.mchange.v2.c3p0.impl.DefaultConnectionTester, dataSourceName -> z8kfsxa3e6j07ri6lyz2|3ae20ff5, debugUnreturnedConnectionStackTraces -> false, description -> null, driverClass -> org.postgresql.Driver, factoryClassLocation -> null, forceIgnoreUnresolvedTransactions -> false, identityToken -> z8kfsxa3e6j07ri6lyz2|3ae20ff5, idleConnectionTestPeriod -> 30, initialPoolSize -> 10, jdbcUrl -> jdbc:postgresql://localhost:5432/ngbillingbase, lastAcquisitionFailureDefaultUser -> null, maxAdministrativeTaskTime -> 0, maxConnectionAge -> 0, maxIdleTime -> 300, maxIdleTimeExcessConnections -> 0, maxPoolSize -> 50, maxStatements -> 0, maxStatementsPerConnection -> 0, minPoolSize -> 10, numHelperThreads -> 3, numThreadsAwaitingCheckoutDefaultUser -> 0, preferredTestQuery -> /* ping */ SELECT 1, properties -> {user=******, password=******}, propertyCycle -> 0, testConnectionOnCheckin -> false, testConnectionOnCheckout -> false, unreturnedConnectionTimeout -> 0, usesTraditionalReflectiveProxies -> false ]
2019-06-07 22:03:44,103 8449  DEBUG [com.sapienter.jbilling.common.SystemProperties] (localhost-startStop-1:) System properties loaded from: /home/rakesh/Documents/MyCommercialProducts/jbilling4/Binary/ngbilling/ngbilling/ngbilling.properties
2019-06-07 22:03:44,103 8449  DEBUG [com.sapienter.jbilling.common.SystemProperties] (localhost-startStop-1:) Resolved jbilling resources directory to: /home/rakesh/Documents/MyCommercialProducts/jbilling4/Binary/ngbilling/ngbilling/resources/
2019-06-07 22:03:52,937 17283 WARN  [org.apache.activemq.broker.jmx.ManagementContext] (JMX connector:) Failed to start jmx connector: Cannot bind to URL [rmi://localhost:1099/jmxrmi]: javax.naming.CommunicationException [Root exception is java.rmi.NoSuchObjectException: no such object in table]
2019-06-07 22:03:53,040 17386 INFO  [org.apache.activemq.broker.BrokerService] (localhost-startStop-1:) Successfully deleted temporary storage
2019-06-07 22:03:53,061 17407 INFO  [org.apache.activemq.broker.BrokerService] (localhost-startStop-1:) Using Persistence Adapter: AMQPersistenceAdapter(activemq-data/localhost)
2019-06-07 22:03:53,063 17409 INFO  [org.apache.activemq.store.amq.AMQPersistenceAdapter] (localhost-startStop-1:) AMQStore starting using directory: activemq-data/localhost
2019-06-07 22:03:53,109 17455 INFO  [org.apache.activemq.kaha.impl.KahaStore] (localhost-startStop-1:) Kaha Store using data directory activemq-data/localhost/kr-store/state
2019-06-07 22:03:53,173 17519 INFO  [org.apache.activemq.store.amq.AMQPersistenceAdapter] (localhost-startStop-1:) Active data files: []
2019-06-07 22:03:53,314 17660 INFO  [org.apache.activemq.broker.BrokerService] (localhost-startStop-1:) ActiveMQ 5.3.2 JMS Message Broker (localhost) is starting
2019-06-07 22:03:53,314 17660 INFO  [org.apache.activemq.broker.BrokerService] (localhost-startStop-1:) For help or more information please see: http://activemq.apache.org/
2019-06-07 22:03:53,610 17956 INFO  [org.apache.activemq.kaha.impl.KahaStore] (localhost-startStop-1:) Kaha Store using data directory activemq-data/localhost/kr-store/data
2019-06-07 22:03:53,748 18094 WARN  [org.apache.activemq.broker.jmx.ManagementContext] (JMX connector:) Failed to start jmx connector: Cannot bind to URL [rmi://localhost:1099/jmxrmi]: javax.naming.CommunicationException [Root exception is java.rmi.NoSuchObjectException: no such object in table]
2019-06-07 22:03:53,793 18139 INFO  [org.apache.activemq.transport.TransportServerThreadSupport] (localhost-startStop-1:) Listening for connections at: tcp://localhost:61616
2019-06-07 22:03:53,793 18139 INFO  [org.apache.activemq.broker.TransportConnector] (localhost-startStop-1:) Connector tcp://localhost:61616 Started
2019-06-07 22:03:53,806 18152 INFO  [org.apache.activemq.broker.TransportConnector] (localhost-startStop-1:) Connector vm://localhost Started
2019-06-07 22:03:53,809 18155 INFO  [org.apache.activemq.broker.BrokerService] (localhost-startStop-1:) ActiveMQ JMS Message Broker (localhost, ID:rakesh-ThinkPad-P50-38795-1559930633388-0:0) started
2019-06-07 22:03:54,658 19004 INFO  [org.grails.plugin.resource.ResourceProcessor] (localhost-startStop-1:) Performing a full reload
2019-06-07 22:03:55,002 19348 INFO  [org.grails.plugin.resource.ResourceProcessor] (localhost-startStop-1:) Loading resource declarations...
2019-06-07 22:03:55,002 19348 INFO  [org.grails.plugin.resource.ResourceProcessor] (localhost-startStop-1:) Forgetting all known modules...
2019-06-07 22:03:55,003 19349 INFO  [org.grails.plugin.resource.ResourceProcessor] (localhost-startStop-1:) Forgetting all known resources...
2019-06-07 22:03:55,741 20087 DEBUG [grails.app.resourceMappers.org.grails.plugin.resource.CSSPreprocessorResourceMapper] (localhost-startStop-1:) CSS Preprocessor munging ResourceMeta for URI /jquery-ui/themes/jbilling/jquery-ui-1.10.4.custom.css served by /jquery-ui/themes/jbilling/jquery-ui-1.10.4.custom.css (delegate: none)
2019-06-07 22:03:55,990 20336 DEBUG [grails.app.resourceMappers.org.grails.plugin.resource.CSSPreprocessorResourceMapper] (localhost-startStop-1:) CSS Preprocessor munging ResourceMeta for URI /css/all.css served by /css/all.css (delegate: none)
2019-06-07 22:03:56,215 20561 DEBUG [grails.app.resourceMappers.org.grails.plugin.resource.CSSPreprocessorResourceMapper] (localhost-startStop-1:) CSS Preprocessor munging ResourceMeta for URI /css/lt7.css served by /css/lt7.css (delegate: none)
2019-06-07 22:03:56,371 20717 DEBUG [grails.app.resourceMappers.org.grails.plugin.resource.CSSPreprocessorResourceMapper] (localhost-startStop-1:) CSS Preprocessor munging ResourceMeta for URI /css/ict.css served by /css/ict.css (delegate: none)
2019-06-07 22:03:56,384 20730 DEBUG [grails.app.resourceMappers.org.grails.plugin.resource.CSSPreprocessorResourceMapper] (localhost-startStop-1:) CSS Preprocessor munging ResourceMeta for URI /css/alpaca.min.css served by /css/alpaca.min.css (delegate: none)
2019-06-07 22:03:56,388 20734 DEBUG [grails.app.resourceMappers.org.grails.plugin.resource.CSSPreprocessorResourceMapper] (localhost-startStop-1:) CSS Preprocessor munging ResourceMeta for URI /css/alpaca-jqueryui.min.css served by /css/alpaca-jqueryui.min.css (delegate: none)
2019-06-07 22:03:56,390 20736 DEBUG [grails.app.resourceMappers.org.grails.plugin.resource.CSSPreprocessorResourceMapper] (localhost-startStop-1:) CSS Preprocessor munging ResourceMeta for URI /css/evol.colorpicker.css served by /css/evol.colorpicker.css (delegate: none)
2019-06-07 22:03:56,393 20739 DEBUG [grails.app.resourceMappers.org.grails.plugin.resource.CSSPreprocessorResourceMapper] (localhost-startStop-1:) CSS Preprocessor munging ResourceMeta for URI /css/jstree/invoice-template-tree.css served by /css/jstree/invoice-template-tree.css (delegate: none)
2019-06-07 22:03:56,473 20819 DEBUG [grails.app.resourceMappers.org.grails.plugin.resource.CSSPreprocessorResourceMapper] (localhost-startStop-1:) CSS Preprocessor skipping ResourceMeta for URI /bundle-bundle_itg_head.css, /css/ict.css, /css/alpaca.min.css, /css/alpaca-jqueryui.min.css, /css/evol.colorpicker.css, /css/jstree/invoice-template-tree.css served by /bundle-bundle_itg_head.css (delegate: none) because it is aggregated (already processed each file in it)
2019-06-07 22:03:56,510 20856 ERROR [org.grails.plugin.resource.ResourceMeta] (localhost-startStop-1:) While processing /bundle-bundle_itg_head.css, /css/ict.css, /css/alpaca.min.css, /css/alpaca-jqueryui.min.css, /css/evol.colorpicker.css, /css/jstree/invoice-template-tree.css, a resource was required but not found: /css/images/down.png
2019-06-07 22:03:56,516 20862 WARN  [org.grails.plugin.resource.util.ResourceMetaStore] (localhost-startStop-1:) Cannot locate resource [/css/images/down.png]
2019-06-07 22:03:56,516 20862 WARN  [org.grails.plugin.resource.mapper.cssrewriter] (localhost-startStop-1:) Cannot resolve CSS resource, leaving link as is: resource:/css/images/down.png
2019-06-07 22:03:56,529 20875 ERROR [org.grails.plugin.resource.ResourceMeta] (localhost-startStop-1:) While processing /bundle-bundle_itg_head.css, /css/ict.css, /css/alpaca.min.css, /css/alpaca-jqueryui.min.css, /css/evol.colorpicker.css, /css/jstree/invoice-template-tree.css, a resource was required but not found: /css/images/left.png
2019-06-07 22:03:56,529 20875 WARN  [org.grails.plugin.resource.util.ResourceMetaStore] (localhost-startStop-1:) Cannot locate resource [/css/images/left.png]
2019-06-07 22:03:56,529 20875 WARN  [org.grails.plugin.resource.mapper.cssrewriter] (localhost-startStop-1:) Cannot resolve CSS resource, leaving link as is: resource:/css/images/left.png
2019-06-07 22:03:56,561 20907 INFO  [org.grails.plugin.resource.ResourceProcessor] (localhost-startStop-1:) Finished full reload
2019-06-07 22:03:59,872 24218 INFO  [org.codehaus.groovy.grails.web.context.GrailsConfigUtils] (localhost-startStop-1:) [GrailsContextLoader] Grails application loaded.
2019-06-07 22:04:00,074 24420 INFO  [org.quartz.impl.StdSchedulerFactory] (localhost-startStop-1:) Using default implementation for ThreadExecutor
2019-06-07 22:04:00,085 24431 INFO  [org.quartz.simpl.SimpleThreadPool] (localhost-startStop-1:) Job execution threads will use class loader of thread: localhost-startStop-1
2019-06-07 22:04:00,135 24481 INFO  [org.quartz.core.SchedulerSignalerImpl] (localhost-startStop-1:) Initialized Scheduler Signaller of type: class org.quartz.core.SchedulerSignalerImpl
2019-06-07 22:04:00,136 24482 INFO  [org.quartz.core.QuartzScheduler] (localhost-startStop-1:) Quartz Scheduler v.2.2.1 created.
2019-06-07 22:04:00,139 24485 INFO  [org.quartz.simpl.RAMJobStore] (localhost-startStop-1:) RAMJobStore initialized.
2019-06-07 22:04:00,142 24488 INFO  [org.quartz.core.QuartzScheduler] (localhost-startStop-1:) Scheduler meta-data: Quartz Scheduler (v2.2.1) 'DefaultQuartzScheduler' with instanceId 'NON_CLUSTERED'
  Scheduler class: 'org.quartz.core.QuartzScheduler' - running locally.
  NOT STARTED.
  Currently in standby mode.
  Number of jobs executed: 0
  Using thread pool 'org.quartz.simpl.SimpleThreadPool' - with 10 threads.
  Using job-store 'org.quartz.simpl.RAMJobStore' - which does not support persistence. and is not clustered.

2019-06-07 22:04:00,142 24488 INFO  [org.quartz.impl.StdSchedulerFactory] (localhost-startStop-1:) Quartz scheduler 'DefaultQuartzScheduler' initialized from default resource file in Quartz package: 'quartz.properties'
2019-06-07 22:04:00,143 24489 INFO  [org.quartz.impl.StdSchedulerFactory] (localhost-startStop-1:) Quartz scheduler version: 2.2.1
2019-06-07 22:04:00,335 24681 DEBUG [com.sapienter.jbilling.server.pluggableTask.admin.PluggableTaskManager] (localhost-startStop-1:) Entered PluggableTaskManager
2019-06-07 22:04:00,408 24754 DEBUG [com.sapienter.jbilling.server.pluggableTask.admin.PluggableTaskManager] (localhost-startStop-1:) total classes = 2
2019-06-07 22:04:00,408 24754 DEBUG [com.sapienter.jbilling.server.util.SchedulerBootstrapHelper] (localhost-startStop-1:) Processing 2 scheduled tasks for entity 10
2019-06-07 22:04:00,408 24754 DEBUG [com.sapienter.jbilling.server.pluggableTask.admin.PluggableTaskManager] (localhost-startStop-1:) Applying task com.sapienter.jbilling.server.billing.task.BillingProcessTask
2019-06-07 22:04:00,408 24754 DEBUG [com.sapienter.jbilling.server.pluggableTask.admin.PluggableTaskManager] (localhost-startStop-1:) Creating a new instance of com.sapienter.jbilling.server.billing.task.BillingProcessTask
2019-06-07 22:04:00,430 24776 DEBUG [com.sapienter.jbilling.server.billing.task.BillingProcessTask] (localhost-startStop-1:) Scheduling billing process from jbilling.properties ...
2019-06-07 22:04:00,430 24776 DEBUG [com.sapienter.jbilling.server.billing.task.BillingProcessTask] (localhost-startStop-1:) Scheduling billing process from jbilling.properties ...
2019-06-07 22:04:00,430 24776 DEBUG [com.sapienter.jbilling.server.util.SchedulerBootstrapHelper] (localhost-startStop-1:) Scheduled: [billing process: , entity id 10, taskId 23]
2019-06-07 22:04:00,430 24776 DEBUG [com.sapienter.jbilling.server.pluggableTask.admin.PluggableTaskManager] (localhost-startStop-1:) Applying task com.sapienter.jbilling.server.process.task.AgeingProcessTask
2019-06-07 22:04:00,431 24777 DEBUG [com.sapienter.jbilling.server.pluggableTask.admin.PluggableTaskManager] (localhost-startStop-1:) Creating a new instance of com.sapienter.jbilling.server.process.task.AgeingProcessTask
2019-06-07 22:04:00,431 24777 DEBUG [com.sapienter.jbilling.server.process.task.AgeingProcessTask] (localhost-startStop-1:) Scheduling ageing process from jbilling.properties ...
2019-06-07 22:04:00,431 24777 DEBUG [com.sapienter.jbilling.server.process.task.AgeingProcessTask] (localhost-startStop-1:) Scheduling ageing process from jbilling.properties ...
2019-06-07 22:04:00,431 24777 DEBUG [com.sapienter.jbilling.server.util.SchedulerBootstrapHelper] (localhost-startStop-1:) Scheduled: [ageing process: , entity id 10, taskId 24]
2019-06-07 22:04:00,435 24781 INFO  [org.quartz.core.QuartzScheduler] (localhost-startStop-1:) Scheduler DefaultQuartzScheduler_$_NON_CLUSTERED started.
2019-06-07 22:04:01,964 26310 INFO  [org.apache.cxf.service.factory.ReflectionServiceFactoryBean] (localhost-startStop-1:) Creating Service {http://jbilling/}MigrationServiceService from class jbilling.MigrationService
2019-06-07 22:04:03,890 28236 INFO  [org.apache.cxf.endpoint.ServerImpl] (localhost-startStop-1:) Setting the server's publish address to be /migration
2019-06-07 22:04:21,850 46196 DEBUG [com.sapienter.jbilling.client.authentication.CompanyUserAuthenticationFilter] (http-nio-8080-exec-9:) Request is to process authentication
2019-06-07 22:04:21,967 46313 DEBUG [com.sapienter.jbilling.server.util.db.JbillingTableDAS] (http-nio-8080-exec-9:) Looking for table + role
2019-06-07 22:04:22,192 46538 DEBUG [com.sapienter.jbilling.server.util.db.JbillingTableDAS] (http-nio-8080-exec-9:) Looking for table + base_user
2019-06-07 22:04:22,474 46820 DEBUG [com.sapienter.jbilling.client.authentication.util.SecuritySession] (http-nio-8080-exec-9:) Setting locale for Spring contexts: en_IN
2019-06-07 22:04:22,474 46820 DEBUG [com.sapienter.jbilling.client.authentication.CompanyUserAuthenticationFilter] (http-nio-8080-exec-9:) Authentication success. Updating SecurityContextHolder to contain: org.springframework.security.authentication.UsernamePasswordAuthenticationToken@2f3d840b: Principal: CompanyUserDetails{id=10, username='admin;10', mainRoleId=2, companyId=10, currencyId=1, languageId=1, enabled=true, accountExpired=false, credentialsExpired=false, accountLocked=false}; Credentials: [PROTECTED]; Authenticated: true; Details: org.springframework.security.web.authentication.WebAuthenticationDetails@255f8: RemoteIpAddress: 127.0.0.1; SessionId: B3D76CF1D1061F8A5522D51B52538CCB; Granted Authorities: ROLE_SUPER_USER
2019-06-07 22:04:23,466 47812 DEBUG [com.sapienter.jbilling.server.util.api.APILogger] (http-nio-8080-exec-1:) Call to getUserWS parameters: [10]
2019-06-07 22:04:23,595 47941 DEBUG [com.sapienter.jbilling.server.util.db.JbillingTableDAS] (http-nio-8080-exec-1:) Looking for table + user_status
2019-06-07 22:04:23,604 47950 DEBUG [com.sapienter.jbilling.server.util.db.JbillingTableDAS] (http-nio-8080-exec-1:) Looking for table + subscriber_status
2019-06-07 22:04:23,675 48021 DEBUG [com.sapienter.jbilling.server.util.db.JbillingTableDAS] (http-nio-8080-exec-1:) Looking for table + currency
2019-06-07 22:04:23,698 48044 DEBUG [com.sapienter.jbilling.server.util.PreferenceBL] (http-nio-8080-exec-1:) Looking for preference 43, for entity 10 and table entity
2019-06-07 22:04:23,724 48070 DEBUG [com.sapienter.jbilling.server.util.PreferenceBL] (http-nio-8080-exec-1:) preferenceValue : |0|
2019-06-07 22:04:23,734 48080 DEBUG [com.sapienter.jbilling.server.invoice.db.InvoiceDAS] (http-nio-8080-exec-1:) Total Amount Owed for User 10 is 0
2019-06-07 22:04:23,741 48087 DEBUG [com.sapienter.jbilling.server.util.PreferenceBL] (http-nio-8080-exec-1:) Looking for preference 70, for entity 10 and table entity
2019-06-07 22:04:23,749 48095 DEBUG [com.sapienter.jbilling.server.user.UserBL] (http-nio-8080-exec-1:) Exception while reading preference
2019-06-07 22:04:23,767 48113 DEBUG [com.sapienter.jbilling.server.util.api.APIStopWatchAspect] (http-nio-8080-exec-1:) WebServicesSessionSpringBean.getUserWS took: 282 ms.
2019-06-07 22:04:23,768 48114 DEBUG [com.sapienter.jbilling.server.util.api.APILogger] (http-nio-8080-exec-1:) Done call to getUserWS returning: , autoRecharge=null, automaticPaymentType=null, blacklistMatches=null, childIds=null, companyName=ngecom, contact=ContactWS{id=101, title='null', lastName='Sahadevan', firstName='Rakesh', initial='null', organization='ngecom', address1='Amaritharayil', address2='S.R.P.M P.O', city='Karunagappally,Kollam', stateProvince='KERALA', postalCode='69039', countryCode='IN', phone='971503998788', fax='', email='rksahadevan@gmail.com', include='true'}, createDatetime=2016-11-13 21:49:47.301, creditLimit=null, currencyId=1, customerId=null, deleted=0, dueDateUnitId=null, dueDateValue=null, dynamicBalance=null, excludeAgeing=null, failedAttempts=0, id=10, invoiceChild=null, invoiceDeliveryMethodId=null, isParent=null, language=English, languageId=1, lastLoginDate=2019-06-07 22:04:22.192, lastStatusChange=null, mainRoleId=2, nextInvoiceDate=null, notes=null, owingBalance=0E-10, parentId=null, partnerId=null, role=Super user, status=Active, statusId=1, subscriberStatusId=1, userIdBlacklisted=null, userName=admin, accountTypeId=null, invoiceDesign=null, userCodeLink=null, isAccountLocked=false, accountExpired=false, accountDisabledDate=null]
2019-06-07 22:04:23,776 48122 DEBUG [com.sapienter.jbilling.server.util.PreferenceBL] (http-nio-8080-exec-1:) Looking for preference 63, for entity 10 and table entity
2019-06-07 22:04:23,776 48122 DEBUG [com.sapienter.jbilling.server.util.PreferenceBL] (http-nio-8080-exec-1:) Preferences Cache hit for preferenceCache entity:10
2019-06-07 22:04:23,776 48122 DEBUG [com.sapienter.jbilling.server.util.PreferenceBL] (http-nio-8080-exec-1:) preferenceValue : |0|
2019-06-07 22:04:23,943 48289 DEBUG [com.sapienter.jbilling.server.util.PreferenceBL] (http-nio-8080-exec-1:) Looking for preference 63, for entity 10 and table entity
2019-06-07 22:04:23,943 48289 DEBUG [com.sapienter.jbilling.server.util.PreferenceBL] (http-nio-8080-exec-1:) Preferences Cache hit for preferenceCache entity:10
2019-06-07 22:04:23,943 48289 DEBUG [com.sapienter.jbilling.server.util.PreferenceBL] (http-nio-8080-exec-1:) preferenceValue : |0|
2019-06-07 22:04:24,004 48350 DEBUG [com.sapienter.jbilling.server.util.PreferenceBL] (http-nio-8080-exec-1:) Looking for preference 63, for entity 10 and table entity
2019-06-07 22:04:24,004 48350 DEBUG [com.sapienter.jbilling.server.util.PreferenceBL] (http-nio-8080-exec-1:) Preferences Cache hit for preferenceCache entity:10
2019-06-07 22:04:24,004 48350 DEBUG [com.sapienter.jbilling.server.util.PreferenceBL] (http-nio-8080-exec-1:) preferenceValue : |0|
2019-06-07 22:04:24,013 48359 DEBUG [com.sapienter.jbilling.server.util.PreferenceBL] (http-nio-8080-exec-1:) Looking for preference 63, for entity 10 and table entity
2019-06-07 22:04:24,013 48359 DEBUG [com.sapienter.jbilling.server.util.PreferenceBL] (http-nio-8080-exec-1:) Preferences Cache hit for preferenceCache entity:10
2019-06-07 22:04:24,013 48359 DEBUG [com.sapienter.jbilling.server.util.PreferenceBL] (http-nio-8080-exec-1:) preferenceValue : |0|
2019-06-07 22:04:25,262 49608 ERROR [com.sapienter.jbilling.common.Util] (http-nio-8080-exec-1:) Cannot read property 'process.run_mediation' from /home/rakesh/Documents/MyCommercialProducts/jbilling4/Binary/ngbilling/ngbilling/ngbilling.properties
2019-06-07 22:04:30,774 55120 DEBUG [com.sapienter.jbilling.server.util.PreferenceBL] (http-nio-8080-exec-9:) Looking for preference 63, for entity 10 and table entity
2019-06-07 22:04:30,774 55120 DEBUG [com.sapienter.jbilling.server.util.PreferenceBL] (http-nio-8080-exec-9:) Preferences Cache hit for preferenceCache entity:10
2019-06-07 22:04:30,774 55120 DEBUG [com.sapienter.jbilling.server.util.PreferenceBL] (http-nio-8080-exec-9:) preferenceValue : |0|
2019-06-07 22:04:30,949 55295 DEBUG [com.sapienter.jbilling.server.util.PreferenceBL] (http-nio-8080-exec-9:) Looking for preference 63, for entity 10 and table entity
2019-06-07 22:04:30,949 55295 DEBUG [com.sapienter.jbilling.server.util.PreferenceBL] (http-nio-8080-exec-9:) Preferences Cache hit for preferenceCache entity:10
2019-06-07 22:04:30,950 55296 DEBUG [com.sapienter.jbilling.server.util.PreferenceBL] (http-nio-8080-exec-9:) preferenceValue : |0|
2019-06-07 22:04:31,000 55346 DEBUG [com.sapienter.jbilling.server.util.PreferenceBL] (http-nio-8080-exec-9:) Looking for preference 63, for entity 10 and table entity
2019-06-07 22:04:31,000 55346 DEBUG [com.sapienter.jbilling.server.util.PreferenceBL] (http-nio-8080-exec-9:) Preferences Cache hit for preferenceCache entity:10
2019-06-07 22:04:31,000 55346 DEBUG [com.sapienter.jbilling.server.util.PreferenceBL] (http-nio-8080-exec-9:) preferenceValue : |0|
2019-06-07 22:04:31,010 55356 DEBUG [com.sapienter.jbilling.server.util.PreferenceBL] (http-nio-8080-exec-9:) Looking for preference 63, for entity 10 and table entity
2019-06-07 22:04:31,010 55356 DEBUG [com.sapienter.jbilling.server.util.PreferenceBL] (http-nio-8080-exec-9:) Preferences Cache hit for preferenceCache entity:10
2019-06-07 22:04:31,010 55356 DEBUG [com.sapienter.jbilling.server.util.PreferenceBL] (http-nio-8080-exec-9:) preferenceValue : |0|
2019-06-07 22:24:05,016 1229362 INFO  [org.codehaus.groovy.grails.domain.GrailsDomainClassCleaner] (ContainerBackgroundProcessor[StandardEngine[Catalina]]:) Clearing static property staticGormStaticApi in jbilling.RecentItem
2019-06-07 22:24:05,017 1229363 INFO  [org.codehaus.groovy.grails.domain.GrailsDomainClassCleaner] (ContainerBackgroundProcessor[StandardEngine[Catalina]]:) Clearing static property instanceGormInstanceApi in jbilling.RecentItem
2019-06-07 22:24:05,017 1229363 INFO  [org.codehaus.groovy.grails.domain.GrailsDomainClassCleaner] (ContainerBackgroundProcessor[StandardEngine[Catalina]]:) Clearing static property instanceGormValidationApi in jbilling.RecentItem
2019-06-07 22:24:05,017 1229363 INFO  [org.codehaus.groovy.grails.domain.GrailsDomainClassCleaner] (ContainerBackgroundProcessor[StandardEngine[Catalina]]:) Clearing static property staticGormStaticApi in jbilling.FilterSet
2019-06-07 22:24:05,018 1229364 INFO  [org.codehaus.groovy.grails.domain.GrailsDomainClassCleaner] (ContainerBackgroundProcessor[StandardEngine[Catalina]]:) Clearing static property instanceGormInstanceApi in jbilling.FilterSet
2019-06-07 22:24:05,018 1229364 INFO  [org.codehaus.groovy.grails.domain.GrailsDomainClassCleaner] (ContainerBackgroundProcessor[StandardEngine[Catalina]]:) Clearing static property instanceGormValidationApi in jbilling.FilterSet
2019-06-07 22:24:05,018 1229364 INFO  [org.codehaus.groovy.grails.domain.GrailsDomainClassCleaner] (ContainerBackgroundProcessor[StandardEngine[Catalina]]:) Clearing static property staticGormStaticApi in jbilling.Shortcut
2019-06-07 22:24:05,018 1229364 INFO  [org.codehaus.groovy.grails.domain.GrailsDomainClassCleaner] (ContainerBackgroundProcessor[StandardEngine[Catalina]]:) Clearing static property instanceGormInstanceApi in jbilling.Shortcut
2019-06-07 22:24:05,018 1229364 INFO  [org.codehaus.groovy.grails.domain.GrailsDomainClassCleaner] (ContainerBackgroundProcessor[StandardEngine[Catalina]]:) Clearing static property instanceGormValidationApi in jbilling.Shortcut
2019-06-07 22:24:05,018 1229364 INFO  [org.codehaus.groovy.grails.domain.GrailsDomainClassCleaner] (ContainerBackgroundProcessor[StandardEngine[Catalina]]:) Clearing static property staticGormStaticApi in jbilling.Breadcrumb
2019-06-07 22:24:05,018 1229364 INFO  [org.codehaus.groovy.grails.domain.GrailsDomainClassCleaner] (ContainerBackgroundProcessor[StandardEngine[Catalina]]:) Clearing static property instanceGormInstanceApi in jbilling.Breadcrumb
2019-06-07 22:24:05,018 1229364 INFO  [org.codehaus.groovy.grails.domain.GrailsDomainClassCleaner] (ContainerBackgroundProcessor[StandardEngine[Catalina]]:) Clearing static property instanceGormValidationApi in jbilling.Breadcrumb
2019-06-07 22:24:05,018 1229364 INFO  [org.codehaus.groovy.grails.domain.GrailsDomainClassCleaner] (ContainerBackgroundProcessor[StandardEngine[Catalina]]:) Clearing static property staticGormStaticApi in jbilling.TabConfigurationTab
2019-06-07 22:24:05,018 1229364 INFO  [org.codehaus.groovy.grails.domain.GrailsDomainClassCleaner] (ContainerBackgroundProcessor[StandardEngine[Catalina]]:) Clearing static property instanceGormInstanceApi in jbilling.TabConfigurationTab
2019-06-07 22:24:05,018 1229364 INFO  [org.codehaus.groovy.grails.domain.GrailsDomainClassCleaner] (ContainerBackgroundProcessor[StandardEngine[Catalina]]:) Clearing static property instanceGormValidationApi in jbilling.TabConfigurationTab
2019-06-07 22:24:05,018 1229364 INFO  [org.codehaus.groovy.grails.domain.GrailsDomainClassCleaner] (ContainerBackgroundProcessor[StandardEngine[Catalina]]:) Clearing static property staticGormStaticApi in jbilling.TabConfiguration
2019-06-07 22:24:05,018 1229364 INFO  [org.codehaus.groovy.grails.domain.GrailsDomainClassCleaner] (ContainerBackgroundProcessor[StandardEngine[Catalina]]:) Clearing static property instanceGormInstanceApi in jbilling.TabConfiguration
2019-06-07 22:24:05,019 1229365 INFO  [org.codehaus.groovy.grails.domain.GrailsDomainClassCleaner] (ContainerBackgroundProcessor[StandardEngine[Catalina]]:) Clearing static property instanceGormValidationApi in jbilling.TabConfiguration
2019-06-07 22:24:05,019 1229365 INFO  [org.codehaus.groovy.grails.domain.GrailsDomainClassCleaner] (ContainerBackgroundProcessor[StandardEngine[Catalina]]:) Clearing static property staticGormStaticApi in jbilling.Tab
2019-06-07 22:24:05,019 1229365 INFO  [org.codehaus.groovy.grails.domain.GrailsDomainClassCleaner] (ContainerBackgroundProcessor[StandardEngine[Catalina]]:) Clearing static property instanceGormInstanceApi in jbilling.Tab
2019-06-07 22:24:05,019 1229365 INFO  [org.codehaus.groovy.grails.domain.GrailsDomainClassCleaner] (ContainerBackgroundProcessor[StandardEngine[Catalina]]:) Clearing static property instanceGormValidationApi in jbilling.Tab
2019-06-07 22:24:05,019 1229365 INFO  [org.codehaus.groovy.grails.domain.GrailsDomainClassCleaner] (ContainerBackgroundProcessor[StandardEngine[Catalina]]:) Clearing static property instanceGormValidationApi in jbilling.Filter
2019-06-07 22:24:05,019 1229365 INFO  [org.codehaus.groovy.grails.domain.GrailsDomainClassCleaner] (ContainerBackgroundProcessor[StandardEngine[Catalina]]:) Clearing static property staticGormStaticApi in jbilling.Filter
2019-06-07 22:24:05,019 1229365 INFO  [org.codehaus.groovy.grails.domain.GrailsDomainClassCleaner] (ContainerBackgroundProcessor[StandardEngine[Catalina]]:) Clearing static property instanceGormInstanceApi in jbilling.Filter
2019-06-07 22:24:06,266 1230612 INFO  [org.apache.activemq.broker.BrokerService] (ContainerBackgroundProcessor[StandardEngine[Catalina]]:) ActiveMQ Message Broker (localhost, ID:rakesh-ThinkPad-P50-38795-1559930633388-0:0) is shutting down
2019-06-07 22:24:06,993 1231339 INFO  [org.apache.activemq.broker.TransportConnector] (ContainerBackgroundProcessor[StandardEngine[Catalina]]:) Connector tcp://localhost:61616 Stopped
2019-06-07 22:24:06,998 1231344 INFO  [org.apache.activemq.kaha.impl.KahaStore] (ActiveMQ Task:) Kaha Store using data directory activemq-data/localhost/tmp_storage
2019-06-07 22:24:07,000 1231346 INFO  [org.apache.activemq.broker.TransportConnector] (ContainerBackgroundProcessor[StandardEngine[Catalina]]:) Connector vm://localhost Stopped
2019-06-07 22:24:07,105 1231451 INFO  [org.apache.activemq.broker.BrokerService] (ContainerBackgroundProcessor[StandardEngine[Catalina]]:) ActiveMQ JMS Message Broker (localhost, ID:rakesh-ThinkPad-P50-38795-1559930633388-0:0) stopped
2019-06-07 22:24:07,201 1231547 WARN  [org.codehaus.groovy.grails.lifecycle.ShutdownOperations] (ContainerBackgroundProcessor[StandardEngine[Catalina]]:) Error occurred running shutdown operation: BeanFactory not initialized or already closed - call 'refresh' before accessing beans via the ApplicationContext
java.lang.IllegalStateException: BeanFactory not initialized or already closed - call 'refresh' before accessing beans via the ApplicationContext
	at java.lang.Thread.run(Thread.java:748)
2019-06-07 22:24:07,299 1231645 WARN  [groovy.sql.Sql] (ContainerBackgroundProcessor[StandardEngine[Catalina]]:) Failed to execute: SHUTDOWN because: connection exception: connection does not exist
2019-06-07 22:24:07,299 1231645 INFO  [org.codehaus.groovy.grails.web.context.GrailsContextLoaderListener] (ContainerBackgroundProcessor[StandardEngine[Catalina]]:) Destroying Spring parent WebApplicationContext Root WebApplicationContext
